{"C:\\Users\\ADMIN\\Desktop\\BachKhoa\\Restaurant-management\\backend\\src\\controllers\\authController.js": {"path":"C:\\Users\\ADMIN\\Desktop\\BachKhoa\\Restaurant-management\\backend\\src\\controllers\\authController.js","statementMap":{"0":{"start":{"line":1,"column":20},"end":{"line":1,"column":54}},"1":{"start":{"line":9,"column":4},"end":{"line":23,"column":5}},"2":{"start":{"line":10,"column":23},"end":{"line":10,"column":31}},"3":{"start":{"line":11,"column":22},"end":{"line":11,"column":58}},"4":{"start":{"line":13,"column":6},"end":{"line":17,"column":9}},"5":{"start":{"line":19,"column":6},"end":{"line":22,"column":9}},"6":{"start":{"line":31,"column":4},"end":{"line":49,"column":5}},"7":{"start":{"line":32,"column":30},"end":{"line":32,"column":38}},"8":{"start":{"line":33,"column":24},"end":{"line":33,"column":68}},"9":{"start":{"line":34,"column":6},"end":{"line":37,"column":7}},"10":{"start":{"line":35,"column":8},"end":{"line":35,"column":52}},"11":{"start":{"line":36,"column":8},"end":{"line":36,"column":49}},"12":{"start":{"line":39,"column":6},"end":{"line":43,"column":9}},"13":{"start":{"line":45,"column":6},"end":{"line":48,"column":9}},"14":{"start":{"line":56,"column":4},"end":{"line":89,"column":5}},"15":{"start":{"line":57,"column":33},"end":{"line":57,"column":41}},"16":{"start":{"line":59,"column":19},"end":{"line":59,"column":58}},"17":{"start":{"line":60,"column":6},"end":{"line":65,"column":7}},"18":{"start":{"line":61,"column":8},"end":{"line":64,"column":11}},"19":{"start":{"line":67,"column":6},"end":{"line":72,"column":7}},"20":{"start":{"line":68,"column":8},"end":{"line":71,"column":11}},"21":{"start":{"line":74,"column":6},"end":{"line":74,"column":52}},"22":{"start":{"line":76,"column":6},"end":{"line":83,"column":9}},"23":{"start":{"line":85,"column":6},"end":{"line":88,"column":9}},"24":{"start":{"line":97,"column":4},"end":{"line":126,"column":5}},"25":{"start":{"line":98,"column":34},"end":{"line":98,"column":42}},"26":{"start":{"line":99,"column":19},"end":{"line":99,"column":59}},"27":{"start":{"line":102,"column":6},"end":{"line":102,"column":40}},"28":{"start":{"line":103,"column":6},"end":{"line":103,"column":43}},"29":{"start":{"line":104,"column":6},"end":{"line":104,"column":39}},"30":{"start":{"line":106,"column":6},"end":{"line":120,"column":9}},"31":{"start":{"line":122,"column":6},"end":{"line":125,"column":9}},"32":{"start":{"line":133,"column":4},"end":{"line":152,"column":5}},"33":{"start":{"line":134,"column":23},"end":{"line":137,"column":7}},"34":{"start":{"line":138,"column":6},"end":{"line":138,"column":48}},"35":{"start":{"line":140,"column":6},"end":{"line":140,"column":37}},"36":{"start":{"line":141,"column":6},"end":{"line":141,"column":36}},"37":{"start":{"line":143,"column":6},"end":{"line":146,"column":9}},"38":{"start":{"line":148,"column":6},"end":{"line":151,"column":9}},"39":{"start":{"line":160,"column":4},"end":{"line":178,"column":5}},"40":{"start":{"line":161,"column":21},"end":{"line":161,"column":40}},"41":{"start":{"line":163,"column":6},"end":{"line":167,"column":9}},"42":{"start":{"line":169,"column":6},"end":{"line":172,"column":9}},"43":{"start":{"line":174,"column":6},"end":{"line":177,"column":9}},"44":{"start":{"line":185,"column":4},"end":{"line":205,"column":5}},"45":{"start":{"line":186,"column":6},"end":{"line":199,"column":9}},"46":{"start":{"line":187,"column":8},"end":{"line":192,"column":9}},"47":{"start":{"line":188,"column":10},"end":{"line":191,"column":13}},"48":{"start":{"line":194,"column":8},"end":{"line":194,"column":74}},"49":{"start":{"line":195,"column":8},"end":{"line":198,"column":11}},"50":{"start":{"line":201,"column":6},"end":{"line":204,"column":9}},"51":{"start":{"line":213,"column":4},"end":{"line":236,"column":5}},"52":{"start":{"line":214,"column":21},"end":{"line":214,"column":39}},"53":{"start":{"line":215,"column":19},"end":{"line":215,"column":59}},"54":{"start":{"line":217,"column":6},"end":{"line":230,"column":9}},"55":{"start":{"line":232,"column":6},"end":{"line":235,"column":9}},"56":{"start":{"line":244,"column":4},"end":{"line":259,"column":5}},"57":{"start":{"line":245,"column":6},"end":{"line":253,"column":9}},"58":{"start":{"line":255,"column":6},"end":{"line":258,"column":9}},"59":{"start":{"line":267,"column":4},"end":{"line":295,"column":5}},"60":{"start":{"line":268,"column":21},"end":{"line":268,"column":39}},"61":{"start":{"line":269,"column":26},"end":{"line":269,"column":75}},"62":{"start":{"line":271,"column":6},"end":{"line":273,"column":7}},"63":{"start":{"line":272,"column":8},"end":{"line":272,"column":52}},"64":{"start":{"line":275,"column":6},"end":{"line":289,"column":9}},"65":{"start":{"line":291,"column":6},"end":{"line":294,"column":9}},"66":{"start":{"line":299,"column":0},"end":{"line":299,"column":32}}},"fnMap":{"0":{"name":"(anonymous_0)","decl":{"start":{"line":8,"column":2},"end":{"line":8,"column":3}},"loc":{"start":{"line":8,"column":34},"end":{"line":24,"column":3}},"line":8},"1":{"name":"(anonymous_1)","decl":{"start":{"line":30,"column":2},"end":{"line":30,"column":3}},"loc":{"start":{"line":30,"column":35},"end":{"line":50,"column":3}},"line":30},"2":{"name":"(anonymous_2)","decl":{"start":{"line":55,"column":2},"end":{"line":55,"column":3}},"loc":{"start":{"line":55,"column":33},"end":{"line":90,"column":3}},"line":55},"3":{"name":"(anonymous_3)","decl":{"start":{"line":96,"column":2},"end":{"line":96,"column":3}},"loc":{"start":{"line":96,"column":31},"end":{"line":127,"column":3}},"line":96},"4":{"name":"(anonymous_4)","decl":{"start":{"line":132,"column":2},"end":{"line":132,"column":3}},"loc":{"start":{"line":132,"column":39},"end":{"line":153,"column":3}},"line":132},"5":{"name":"(anonymous_5)","decl":{"start":{"line":159,"column":2},"end":{"line":159,"column":3}},"loc":{"start":{"line":159,"column":40},"end":{"line":179,"column":3}},"line":159},"6":{"name":"(anonymous_6)","decl":{"start":{"line":184,"column":2},"end":{"line":184,"column":3}},"loc":{"start":{"line":184,"column":32},"end":{"line":206,"column":3}},"line":184},"7":{"name":"(anonymous_7)","decl":{"start":{"line":186,"column":26},"end":{"line":186,"column":27}},"loc":{"start":{"line":186,"column":35},"end":{"line":199,"column":7}},"line":186},"8":{"name":"(anonymous_8)","decl":{"start":{"line":212,"column":2},"end":{"line":212,"column":3}},"loc":{"start":{"line":212,"column":40},"end":{"line":237,"column":3}},"line":212},"9":{"name":"(anonymous_9)","decl":{"start":{"line":243,"column":2},"end":{"line":243,"column":3}},"loc":{"start":{"line":243,"column":29},"end":{"line":260,"column":3}},"line":243},"10":{"name":"(anonymous_10)","decl":{"start":{"line":266,"column":2},"end":{"line":266,"column":3}},"loc":{"start":{"line":266,"column":39},"end":{"line":296,"column":3}},"line":266}},"branchMap":{"0":{"loc":{"start":{"line":34,"column":6},"end":{"line":37,"column":7}},"type":"if","locations":[{"start":{"line":34,"column":6},"end":{"line":37,"column":7}},{"start":{},"end":{}}],"line":34},"1":{"loc":{"start":{"line":34,"column":10},"end":{"line":34,"column":65}},"type":"binary-expr","locations":[{"start":{"line":34,"column":10},"end":{"line":34,"column":40}},{"start":{"line":34,"column":44},"end":{"line":34,"column":65}}],"line":34},"2":{"loc":{"start":{"line":60,"column":6},"end":{"line":65,"column":7}},"type":"if","locations":[{"start":{"line":60,"column":6},"end":{"line":65,"column":7}},{"start":{},"end":{}}],"line":60},"3":{"loc":{"start":{"line":67,"column":6},"end":{"line":72,"column":7}},"type":"if","locations":[{"start":{"line":67,"column":6},"end":{"line":72,"column":7}},{"start":{},"end":{}}],"line":67},"4":{"loc":{"start":{"line":67,"column":10},"end":{"line":67,"column":50}},"type":"binary-expr","locations":[{"start":{"line":67,"column":10},"end":{"line":67,"column":30}},{"start":{"line":67,"column":34},"end":{"line":67,"column":50}}],"line":67},"5":{"loc":{"start":{"line":187,"column":8},"end":{"line":192,"column":9}},"type":"if","locations":[{"start":{"line":187,"column":8},"end":{"line":192,"column":9}},{"start":{},"end":{}}],"line":187},"6":{"loc":{"start":{"line":194,"column":24},"end":{"line":194,"column":72}},"type":"binary-expr","locations":[{"start":{"line":194,"column":24},"end":{"line":194,"column":48}},{"start":{"line":194,"column":52},"end":{"line":194,"column":72}}],"line":194},"7":{"loc":{"start":{"line":244,"column":4},"end":{"line":259,"column":5}},"type":"if","locations":[{"start":{"line":244,"column":4},"end":{"line":259,"column":5}},{"start":{"line":254,"column":11},"end":{"line":259,"column":5}}],"line":244},"8":{"loc":{"start":{"line":244,"column":8},"end":{"line":244,"column":41}},"type":"binary-expr","locations":[{"start":{"line":244,"column":8},"end":{"line":244,"column":19}},{"start":{"line":244,"column":23},"end":{"line":244,"column":41}}],"line":244},"9":{"loc":{"start":{"line":271,"column":6},"end":{"line":273,"column":7}},"type":"if","locations":[{"start":{"line":271,"column":6},"end":{"line":273,"column":7}},{"start":{},"end":{}}],"line":271}},"s":{"0":1,"1":0,"2":0,"3":0,"4":0,"5":0,"6":0,"7":0,"8":0,"9":0,"10":0,"11":0,"12":0,"13":0,"14":0,"15":0,"16":0,"17":0,"18":0,"19":0,"20":0,"21":0,"22":0,"23":0,"24":0,"25":0,"26":0,"27":0,"28":0,"29":0,"30":0,"31":0,"32":0,"33":0,"34":0,"35":0,"36":0,"37":0,"38":0,"39":0,"40":0,"41":0,"42":0,"43":0,"44":0,"45":0,"46":0,"47":0,"48":0,"49":0,"50":0,"51":0,"52":0,"53":0,"54":0,"55":0,"56":0,"57":0,"58":0,"59":0,"60":0,"61":0,"62":0,"63":0,"64":0,"65":0,"66":1},"f":{"0":0,"1":0,"2":0,"3":0,"4":0,"5":0,"6":0,"7":0,"8":0,"9":0,"10":0},"b":{"0":[0,0],"1":[0,0],"2":[0,0],"3":[0,0],"4":[0,0],"5":[0,0],"6":[0,0],"7":[0,0],"8":[0,0],"9":[0,0]},"_coverageSchema":"1a1c01bbd47fc00a2c39e90264f33305004495a9","hash":"4fe835347a27f55b2bb43033637e00bdd4ceabc9"}
,"C:\\Users\\ADMIN\\Desktop\\BachKhoa\\Restaurant-management\\backend\\src\\controllers\\cartController.js": {"path":"C:\\Users\\ADMIN\\Desktop\\BachKhoa\\Restaurant-management\\backend\\src\\controllers\\cartController.js","statementMap":{"0":{"start":{"line":1,"column":20},"end":{"line":1,"column":54}},"1":{"start":{"line":5,"column":19},"end":{"line":5,"column":46}},"2":{"start":{"line":6,"column":22},"end":{"line":6,"column":51}},"3":{"start":{"line":7,"column":4},"end":{"line":7,"column":33}},"4":{"start":{"line":15,"column":4},"end":{"line":31,"column":5}},"5":{"start":{"line":16,"column":36},"end":{"line":16,"column":68}},"6":{"start":{"line":18,"column":19},"end":{"line":18,"column":70}},"7":{"start":{"line":20,"column":6},"end":{"line":23,"column":9}},"8":{"start":{"line":25,"column":6},"end":{"line":25,"column":46}},"9":{"start":{"line":26,"column":6},"end":{"line":30,"column":9}},"10":{"start":{"line":40,"column":4},"end":{"line":71,"column":5}},"11":{"start":{"line":41,"column":36},"end":{"line":41,"column":68}},"12":{"start":{"line":42,"column":47},"end":{"line":42,"column":55}},"13":{"start":{"line":44,"column":6},"end":{"line":49,"column":7}},"14":{"start":{"line":45,"column":8},"end":{"line":48,"column":11}},"15":{"start":{"line":51,"column":19},"end":{"line":57,"column":7}},"16":{"start":{"line":59,"column":6},"end":{"line":63,"column":9}},"17":{"start":{"line":65,"column":6},"end":{"line":65,"column":46}},"18":{"start":{"line":66,"column":6},"end":{"line":70,"column":9}},"19":{"start":{"line":80,"column":4},"end":{"line":112,"column":5}},"20":{"start":{"line":81,"column":36},"end":{"line":81,"column":68}},"21":{"start":{"line":82,"column":25},"end":{"line":82,"column":48}},"22":{"start":{"line":83,"column":33},"end":{"line":83,"column":41}},"23":{"start":{"line":85,"column":6},"end":{"line":90,"column":7}},"24":{"start":{"line":86,"column":8},"end":{"line":89,"column":11}},"25":{"start":{"line":92,"column":19},"end":{"line":98,"column":7}},"26":{"start":{"line":100,"column":6},"end":{"line":104,"column":9}},"27":{"start":{"line":106,"column":6},"end":{"line":106,"column":49}},"28":{"start":{"line":107,"column":6},"end":{"line":111,"column":9}},"29":{"start":{"line":120,"column":4},"end":{"line":149,"column":5}},"30":{"start":{"line":121,"column":36},"end":{"line":121,"column":68}},"31":{"start":{"line":122,"column":25},"end":{"line":122,"column":48}},"32":{"start":{"line":124,"column":6},"end":{"line":129,"column":7}},"33":{"start":{"line":125,"column":8},"end":{"line":128,"column":11}},"34":{"start":{"line":131,"column":19},"end":{"line":135,"column":7}},"35":{"start":{"line":137,"column":6},"end":{"line":141,"column":9}},"36":{"start":{"line":143,"column":6},"end":{"line":143,"column":49}},"37":{"start":{"line":144,"column":6},"end":{"line":148,"column":9}},"38":{"start":{"line":157,"column":4},"end":{"line":174,"column":5}},"39":{"start":{"line":158,"column":36},"end":{"line":158,"column":68}},"40":{"start":{"line":160,"column":19},"end":{"line":160,"column":65}},"41":{"start":{"line":162,"column":6},"end":{"line":166,"column":9}},"42":{"start":{"line":168,"column":6},"end":{"line":168,"column":48}},"43":{"start":{"line":169,"column":6},"end":{"line":173,"column":9}},"44":{"start":{"line":183,"column":4},"end":{"line":215,"column":5}},"45":{"start":{"line":184,"column":21},"end":{"line":184,"column":40}},"46":{"start":{"line":185,"column":35},"end":{"line":185,"column":43}},"47":{"start":{"line":187,"column":6},"end":{"line":192,"column":7}},"48":{"start":{"line":188,"column":8},"end":{"line":191,"column":11}},"49":{"start":{"line":194,"column":6},"end":{"line":199,"column":7}},"50":{"start":{"line":195,"column":8},"end":{"line":198,"column":11}},"51":{"start":{"line":201,"column":19},"end":{"line":201,"column":79}},"52":{"start":{"line":203,"column":6},"end":{"line":207,"column":9}},"53":{"start":{"line":209,"column":6},"end":{"line":209,"column":50}},"54":{"start":{"line":210,"column":6},"end":{"line":214,"column":9}},"55":{"start":{"line":223,"column":4},"end":{"line":239,"column":5}},"56":{"start":{"line":224,"column":36},"end":{"line":224,"column":68}},"57":{"start":{"line":226,"column":21},"end":{"line":226,"column":70}},"58":{"start":{"line":228,"column":6},"end":{"line":231,"column":9}},"59":{"start":{"line":233,"column":6},"end":{"line":233,"column":51}},"60":{"start":{"line":234,"column":6},"end":{"line":238,"column":9}},"61":{"start":{"line":243,"column":0},"end":{"line":243,"column":32}}},"fnMap":{"0":{"name":"(anonymous_0)","decl":{"start":{"line":4,"column":2},"end":{"line":4,"column":3}},"loc":{"start":{"line":4,"column":27},"end":{"line":8,"column":3}},"line":4},"1":{"name":"(anonymous_1)","decl":{"start":{"line":14,"column":2},"end":{"line":14,"column":3}},"loc":{"start":{"line":14,"column":33},"end":{"line":32,"column":3}},"line":14},"2":{"name":"(anonymous_2)","decl":{"start":{"line":39,"column":2},"end":{"line":39,"column":3}},"loc":{"start":{"line":39,"column":33},"end":{"line":72,"column":3}},"line":39},"3":{"name":"(anonymous_3)","decl":{"start":{"line":79,"column":2},"end":{"line":79,"column":3}},"loc":{"start":{"line":79,"column":36},"end":{"line":113,"column":3}},"line":79},"4":{"name":"(anonymous_4)","decl":{"start":{"line":119,"column":2},"end":{"line":119,"column":3}},"loc":{"start":{"line":119,"column":36},"end":{"line":150,"column":3}},"line":119},"5":{"name":"(anonymous_5)","decl":{"start":{"line":156,"column":2},"end":{"line":156,"column":3}},"loc":{"start":{"line":156,"column":35},"end":{"line":175,"column":3}},"line":156},"6":{"name":"(anonymous_6)","decl":{"start":{"line":182,"column":2},"end":{"line":182,"column":3}},"loc":{"start":{"line":182,"column":37},"end":{"line":216,"column":3}},"line":182},"7":{"name":"(anonymous_7)","decl":{"start":{"line":222,"column":2},"end":{"line":222,"column":3}},"loc":{"start":{"line":222,"column":38},"end":{"line":240,"column":3}},"line":222}},"branchMap":{"0":{"loc":{"start":{"line":5,"column":19},"end":{"line":5,"column":46}},"type":"binary-expr","locations":[{"start":{"line":5,"column":19},"end":{"line":5,"column":38}},{"start":{"line":5,"column":42},"end":{"line":5,"column":46}}],"line":5},"1":{"loc":{"start":{"line":6,"column":22},"end":{"line":6,"column":51}},"type":"cond-expr","locations":[{"start":{"line":6,"column":31},"end":{"line":6,"column":35}},{"start":{"line":6,"column":38},"end":{"line":6,"column":51}}],"line":6},"2":{"loc":{"start":{"line":44,"column":6},"end":{"line":49,"column":7}},"type":"if","locations":[{"start":{"line":44,"column":6},"end":{"line":49,"column":7}},{"start":{},"end":{}}],"line":44},"3":{"loc":{"start":{"line":55,"column":8},"end":{"line":55,"column":21}},"type":"binary-expr","locations":[{"start":{"line":55,"column":8},"end":{"line":55,"column":16}},{"start":{"line":55,"column":20},"end":{"line":55,"column":21}}],"line":55},"4":{"loc":{"start":{"line":56,"column":8},"end":{"line":56,"column":20}},"type":"binary-expr","locations":[{"start":{"line":56,"column":8},"end":{"line":56,"column":12}},{"start":{"line":56,"column":16},"end":{"line":56,"column":20}}],"line":56},"5":{"loc":{"start":{"line":68,"column":17},"end":{"line":68,"column":65}},"type":"binary-expr","locations":[{"start":{"line":68,"column":17},"end":{"line":68,"column":30}},{"start":{"line":68,"column":34},"end":{"line":68,"column":65}}],"line":68},"6":{"loc":{"start":{"line":85,"column":6},"end":{"line":90,"column":7}},"type":"if","locations":[{"start":{"line":85,"column":6},"end":{"line":90,"column":7}},{"start":{},"end":{}}],"line":85},"7":{"loc":{"start":{"line":109,"column":17},"end":{"line":109,"column":61}},"type":"binary-expr","locations":[{"start":{"line":109,"column":17},"end":{"line":109,"column":30}},{"start":{"line":109,"column":34},"end":{"line":109,"column":61}}],"line":109},"8":{"loc":{"start":{"line":124,"column":6},"end":{"line":129,"column":7}},"type":"if","locations":[{"start":{"line":124,"column":6},"end":{"line":129,"column":7}},{"start":{},"end":{}}],"line":124},"9":{"loc":{"start":{"line":146,"column":17},"end":{"line":146,"column":65}},"type":"binary-expr","locations":[{"start":{"line":146,"column":17},"end":{"line":146,"column":30}},{"start":{"line":146,"column":34},"end":{"line":146,"column":65}}],"line":146},"10":{"loc":{"start":{"line":187,"column":6},"end":{"line":192,"column":7}},"type":"if","locations":[{"start":{"line":187,"column":6},"end":{"line":192,"column":7}},{"start":{},"end":{}}],"line":187},"11":{"loc":{"start":{"line":194,"column":6},"end":{"line":199,"column":7}},"type":"if","locations":[{"start":{"line":194,"column":6},"end":{"line":199,"column":7}},{"start":{},"end":{}}],"line":194}},"s":{"0":1,"1":0,"2":0,"3":0,"4":0,"5":0,"6":0,"7":0,"8":0,"9":0,"10":0,"11":0,"12":0,"13":0,"14":0,"15":0,"16":0,"17":0,"18":0,"19":0,"20":0,"21":0,"22":0,"23":0,"24":0,"25":0,"26":0,"27":0,"28":0,"29":0,"30":0,"31":0,"32":0,"33":0,"34":0,"35":0,"36":0,"37":0,"38":0,"39":0,"40":0,"41":0,"42":0,"43":0,"44":0,"45":0,"46":0,"47":0,"48":0,"49":0,"50":0,"51":0,"52":0,"53":0,"54":0,"55":0,"56":0,"57":0,"58":0,"59":0,"60":0,"61":1},"f":{"0":0,"1":0,"2":0,"3":0,"4":0,"5":0,"6":0,"7":0},"b":{"0":[0,0],"1":[0,0],"2":[0,0],"3":[0,0],"4":[0,0],"5":[0,0],"6":[0,0],"7":[0,0],"8":[0,0],"9":[0,0],"10":[0,0],"11":[0,0]},"_coverageSchema":"1a1c01bbd47fc00a2c39e90264f33305004495a9","hash":"adbf35cdbcee6d1ed7431713f6a365df4e6b0161"}
,"C:\\Users\\ADMIN\\Desktop\\BachKhoa\\Restaurant-management\\backend\\src\\controllers\\menuController.js": {"path":"C:\\Users\\ADMIN\\Desktop\\BachKhoa\\Restaurant-management\\backend\\src\\controllers\\menuController.js","statementMap":{"0":{"start":{"line":1,"column":20},"end":{"line":1,"column":54}},"1":{"start":{"line":9,"column":4},"end":{"line":20,"column":5}},"2":{"start":{"line":10,"column":23},"end":{"line":10,"column":54}},"3":{"start":{"line":11,"column":6},"end":{"line":14,"column":9}},"4":{"start":{"line":16,"column":6},"end":{"line":19,"column":9}},"5":{"start":{"line":28,"column":4},"end":{"line":48,"column":5}},"6":{"start":{"line":29,"column":29},"end":{"line":29,"column":38}},"7":{"start":{"line":31,"column":6},"end":{"line":36,"column":7}},"8":{"start":{"line":32,"column":8},"end":{"line":35,"column":11}},"9":{"start":{"line":38,"column":25},"end":{"line":38,"column":77}},"10":{"start":{"line":39,"column":6},"end":{"line":42,"column":9}},"11":{"start":{"line":44,"column":6},"end":{"line":47,"column":9}},"12":{"start":{"line":56,"column":4},"end":{"line":101,"column":5}},"13":{"start":{"line":57,"column":22},"end":{"line":89,"column":7}},"14":{"start":{"line":91,"column":21},"end":{"line":91,"column":60}},"15":{"start":{"line":92,"column":6},"end":{"line":95,"column":9}},"16":{"start":{"line":97,"column":6},"end":{"line":100,"column":9}},"17":{"start":{"line":109,"column":4},"end":{"line":121,"column":5}},"18":{"start":{"line":110,"column":29},"end":{"line":110,"column":38}},"19":{"start":{"line":111,"column":21},"end":{"line":111,"column":60}},"20":{"start":{"line":112,"column":6},"end":{"line":115,"column":9}},"21":{"start":{"line":117,"column":6},"end":{"line":120,"column":9}},"22":{"start":{"line":129,"column":4},"end":{"line":147,"column":5}},"23":{"start":{"line":130,"column":21},"end":{"line":130,"column":31}},"24":{"start":{"line":131,"column":19},"end":{"line":131,"column":56}},"25":{"start":{"line":132,"column":6},"end":{"line":135,"column":9}},"26":{"start":{"line":137,"column":6},"end":{"line":142,"column":7}},"27":{"start":{"line":138,"column":8},"end":{"line":141,"column":11}},"28":{"start":{"line":143,"column":6},"end":{"line":146,"column":9}},"29":{"start":{"line":155,"column":4},"end":{"line":167,"column":5}},"30":{"start":{"line":156,"column":21},"end":{"line":156,"column":63}},"31":{"start":{"line":157,"column":6},"end":{"line":161,"column":9}},"32":{"start":{"line":163,"column":6},"end":{"line":166,"column":9}},"33":{"start":{"line":175,"column":4},"end":{"line":193,"column":5}},"34":{"start":{"line":176,"column":21},"end":{"line":176,"column":31}},"35":{"start":{"line":177,"column":6},"end":{"line":177,"column":53}},"36":{"start":{"line":178,"column":6},"end":{"line":181,"column":9}},"37":{"start":{"line":183,"column":6},"end":{"line":188,"column":7}},"38":{"start":{"line":184,"column":8},"end":{"line":187,"column":11}},"39":{"start":{"line":189,"column":6},"end":{"line":192,"column":9}},"40":{"start":{"line":201,"column":4},"end":{"line":228,"column":5}},"41":{"start":{"line":202,"column":21},"end":{"line":202,"column":31}},"42":{"start":{"line":203,"column":28},"end":{"line":203,"column":36}},"43":{"start":{"line":205,"column":6},"end":{"line":210,"column":7}},"44":{"start":{"line":206,"column":8},"end":{"line":209,"column":11}},"45":{"start":{"line":212,"column":6},"end":{"line":212,"column":58}},"46":{"start":{"line":213,"column":6},"end":{"line":216,"column":9}},"47":{"start":{"line":218,"column":6},"end":{"line":223,"column":7}},"48":{"start":{"line":219,"column":8},"end":{"line":222,"column":11}},"49":{"start":{"line":224,"column":6},"end":{"line":227,"column":9}},"50":{"start":{"line":236,"column":4},"end":{"line":254,"column":5}},"51":{"start":{"line":237,"column":21},"end":{"line":237,"column":31}},"52":{"start":{"line":238,"column":6},"end":{"line":238,"column":43}},"53":{"start":{"line":239,"column":6},"end":{"line":242,"column":9}},"54":{"start":{"line":244,"column":6},"end":{"line":249,"column":7}},"55":{"start":{"line":245,"column":8},"end":{"line":248,"column":11}},"56":{"start":{"line":250,"column":6},"end":{"line":253,"column":9}},"57":{"start":{"line":262,"column":4},"end":{"line":281,"column":5}},"58":{"start":{"line":263,"column":21},"end":{"line":263,"column":31}},"59":{"start":{"line":264,"column":22},"end":{"line":264,"column":67}},"60":{"start":{"line":265,"column":6},"end":{"line":269,"column":9}},"61":{"start":{"line":271,"column":6},"end":{"line":276,"column":7}},"62":{"start":{"line":272,"column":8},"end":{"line":275,"column":11}},"63":{"start":{"line":277,"column":6},"end":{"line":280,"column":9}},"64":{"start":{"line":289,"column":4},"end":{"line":317,"column":5}},"65":{"start":{"line":290,"column":21},"end":{"line":290,"column":31}},"66":{"start":{"line":291,"column":29},"end":{"line":291,"column":37}},"67":{"start":{"line":293,"column":6},"end":{"line":298,"column":7}},"68":{"start":{"line":294,"column":8},"end":{"line":297,"column":11}},"69":{"start":{"line":300,"column":22},"end":{"line":300,"column":84}},"70":{"start":{"line":301,"column":6},"end":{"line":305,"column":9}},"71":{"start":{"line":307,"column":6},"end":{"line":312,"column":7}},"72":{"start":{"line":308,"column":8},"end":{"line":311,"column":11}},"73":{"start":{"line":313,"column":6},"end":{"line":316,"column":9}},"74":{"start":{"line":325,"column":4},"end":{"line":337,"column":5}},"75":{"start":{"line":326,"column":22},"end":{"line":326,"column":63}},"76":{"start":{"line":327,"column":6},"end":{"line":331,"column":9}},"77":{"start":{"line":333,"column":6},"end":{"line":336,"column":9}},"78":{"start":{"line":345,"column":4},"end":{"line":363,"column":5}},"79":{"start":{"line":346,"column":21},"end":{"line":346,"column":31}},"80":{"start":{"line":347,"column":6},"end":{"line":347,"column":42}},"81":{"start":{"line":348,"column":6},"end":{"line":351,"column":9}},"82":{"start":{"line":353,"column":6},"end":{"line":358,"column":7}},"83":{"start":{"line":354,"column":8},"end":{"line":357,"column":11}},"84":{"start":{"line":359,"column":6},"end":{"line":362,"column":9}},"85":{"start":{"line":371,"column":4},"end":{"line":390,"column":5}},"86":{"start":{"line":372,"column":21},"end":{"line":372,"column":31}},"87":{"start":{"line":373,"column":22},"end":{"line":373,"column":68}},"88":{"start":{"line":374,"column":6},"end":{"line":378,"column":9}},"89":{"start":{"line":380,"column":6},"end":{"line":385,"column":7}},"90":{"start":{"line":381,"column":8},"end":{"line":384,"column":11}},"91":{"start":{"line":386,"column":6},"end":{"line":389,"column":9}},"92":{"start":{"line":398,"column":4},"end":{"line":410,"column":5}},"93":{"start":{"line":399,"column":23},"end":{"line":399,"column":65}},"94":{"start":{"line":400,"column":6},"end":{"line":404,"column":9}},"95":{"start":{"line":406,"column":6},"end":{"line":409,"column":9}},"96":{"start":{"line":418,"column":4},"end":{"line":436,"column":5}},"97":{"start":{"line":419,"column":21},"end":{"line":419,"column":31}},"98":{"start":{"line":420,"column":6},"end":{"line":420,"column":43}},"99":{"start":{"line":421,"column":6},"end":{"line":424,"column":9}},"100":{"start":{"line":426,"column":6},"end":{"line":431,"column":7}},"101":{"start":{"line":427,"column":8},"end":{"line":430,"column":11}},"102":{"start":{"line":432,"column":6},"end":{"line":435,"column":9}},"103":{"start":{"line":439,"column":4},"end":{"line":461,"column":5}},"104":{"start":{"line":440,"column":21},"end":{"line":440,"column":31}},"105":{"start":{"line":441,"column":6},"end":{"line":446,"column":7}},"106":{"start":{"line":442,"column":8},"end":{"line":445,"column":11}},"107":{"start":{"line":447,"column":23},"end":{"line":447,"column":60}},"108":{"start":{"line":449,"column":6},"end":{"line":449,"column":58}},"109":{"start":{"line":451,"column":6},"end":{"line":455,"column":9}},"110":{"start":{"line":457,"column":6},"end":{"line":460,"column":9}},"111":{"start":{"line":465,"column":0},"end":{"line":465,"column":32}}},"fnMap":{"0":{"name":"(anonymous_0)","decl":{"start":{"line":8,"column":2},"end":{"line":8,"column":3}},"loc":{"start":{"line":8,"column":37},"end":{"line":21,"column":3}},"line":8},"1":{"name":"(anonymous_1)","decl":{"start":{"line":27,"column":2},"end":{"line":27,"column":3}},"loc":{"start":{"line":27,"column":39},"end":{"line":49,"column":3}},"line":27},"2":{"name":"(anonymous_2)","decl":{"start":{"line":55,"column":2},"end":{"line":55,"column":3}},"loc":{"start":{"line":55,"column":38},"end":{"line":102,"column":3}},"line":55},"3":{"name":"(anonymous_3)","decl":{"start":{"line":108,"column":2},"end":{"line":108,"column":3}},"loc":{"start":{"line":108,"column":35},"end":{"line":122,"column":3}},"line":108},"4":{"name":"(anonymous_4)","decl":{"start":{"line":128,"column":2},"end":{"line":128,"column":3}},"loc":{"start":{"line":128,"column":41},"end":{"line":148,"column":3}},"line":128},"5":{"name":"(anonymous_5)","decl":{"start":{"line":154,"column":2},"end":{"line":154,"column":3}},"loc":{"start":{"line":154,"column":40},"end":{"line":168,"column":3}},"line":154},"6":{"name":"(anonymous_6)","decl":{"start":{"line":174,"column":2},"end":{"line":174,"column":3}},"loc":{"start":{"line":174,"column":40},"end":{"line":194,"column":3}},"line":174},"7":{"name":"(anonymous_7)","decl":{"start":{"line":200,"column":2},"end":{"line":200,"column":3}},"loc":{"start":{"line":200,"column":44},"end":{"line":229,"column":3}},"line":200},"8":{"name":"(anonymous_8)","decl":{"start":{"line":235,"column":2},"end":{"line":235,"column":3}},"loc":{"start":{"line":235,"column":40},"end":{"line":255,"column":3}},"line":235},"9":{"name":"(anonymous_9)","decl":{"start":{"line":261,"column":2},"end":{"line":261,"column":3}},"loc":{"start":{"line":261,"column":39},"end":{"line":282,"column":3}},"line":261},"10":{"name":"(anonymous_10)","decl":{"start":{"line":288,"column":2},"end":{"line":288,"column":3}},"loc":{"start":{"line":288,"column":44},"end":{"line":318,"column":3}},"line":288},"11":{"name":"(anonymous_11)","decl":{"start":{"line":324,"column":2},"end":{"line":324,"column":3}},"loc":{"start":{"line":324,"column":39},"end":{"line":338,"column":3}},"line":324},"12":{"name":"(anonymous_12)","decl":{"start":{"line":344,"column":2},"end":{"line":344,"column":3}},"loc":{"start":{"line":344,"column":39},"end":{"line":364,"column":3}},"line":344},"13":{"name":"(anonymous_13)","decl":{"start":{"line":370,"column":2},"end":{"line":370,"column":3}},"loc":{"start":{"line":370,"column":40},"end":{"line":391,"column":3}},"line":370},"14":{"name":"(anonymous_14)","decl":{"start":{"line":397,"column":2},"end":{"line":397,"column":3}},"loc":{"start":{"line":397,"column":40},"end":{"line":411,"column":3}},"line":397},"15":{"name":"(anonymous_15)","decl":{"start":{"line":417,"column":2},"end":{"line":417,"column":3}},"loc":{"start":{"line":417,"column":40},"end":{"line":437,"column":3}},"line":417},"16":{"name":"(anonymous_16)","decl":{"start":{"line":438,"column":2},"end":{"line":438,"column":3}},"loc":{"start":{"line":438,"column":45},"end":{"line":462,"column":3}},"line":438}},"branchMap":{"0":{"loc":{"start":{"line":31,"column":6},"end":{"line":36,"column":7}},"type":"if","locations":[{"start":{"line":31,"column":6},"end":{"line":36,"column":7}},{"start":{},"end":{}}],"line":31},"1":{"loc":{"start":{"line":59,"column":21},"end":{"line":61,"column":21}},"type":"cond-expr","locations":[{"start":{"line":60,"column":12},"end":{"line":60,"column":56}},{"start":{"line":61,"column":12},"end":{"line":61,"column":21}}],"line":59},"2":{"loc":{"start":{"line":63,"column":10},"end":{"line":65,"column":23}},"type":"cond-expr","locations":[{"start":{"line":64,"column":14},"end":{"line":64,"column":44}},{"start":{"line":65,"column":14},"end":{"line":65,"column":23}}],"line":63},"3":{"loc":{"start":{"line":67,"column":10},"end":{"line":69,"column":23}},"type":"cond-expr","locations":[{"start":{"line":68,"column":14},"end":{"line":68,"column":45}},{"start":{"line":69,"column":14},"end":{"line":69,"column":23}}],"line":67},"4":{"loc":{"start":{"line":71,"column":10},"end":{"line":73,"column":23}},"type":"cond-expr","locations":[{"start":{"line":72,"column":14},"end":{"line":72,"column":41}},{"start":{"line":73,"column":14},"end":{"line":73,"column":23}}],"line":71},"5":{"loc":{"start":{"line":75,"column":10},"end":{"line":77,"column":23}},"type":"cond-expr","locations":[{"start":{"line":76,"column":14},"end":{"line":76,"column":45}},{"start":{"line":77,"column":14},"end":{"line":77,"column":23}}],"line":75},"6":{"loc":{"start":{"line":79,"column":19},"end":{"line":81,"column":21}},"type":"cond-expr","locations":[{"start":{"line":80,"column":12},"end":{"line":80,"column":43}},{"start":{"line":81,"column":12},"end":{"line":81,"column":21}}],"line":79},"7":{"loc":{"start":{"line":82,"column":19},"end":{"line":84,"column":21}},"type":"cond-expr","locations":[{"start":{"line":83,"column":12},"end":{"line":83,"column":43}},{"start":{"line":84,"column":12},"end":{"line":84,"column":21}}],"line":82},"8":{"loc":{"start":{"line":85,"column":17},"end":{"line":85,"column":42}},"type":"binary-expr","locations":[{"start":{"line":85,"column":17},"end":{"line":85,"column":34}},{"start":{"line":85,"column":38},"end":{"line":85,"column":42}}],"line":85},"9":{"loc":{"start":{"line":86,"column":20},"end":{"line":86,"column":49}},"type":"binary-expr","locations":[{"start":{"line":86,"column":20},"end":{"line":86,"column":40}},{"start":{"line":86,"column":44},"end":{"line":86,"column":49}}],"line":86},"10":{"loc":{"start":{"line":87,"column":14},"end":{"line":87,"column":59}},"type":"cond-expr","locations":[{"start":{"line":87,"column":31},"end":{"line":87,"column":55}},{"start":{"line":87,"column":58},"end":{"line":87,"column":59}}],"line":87},"11":{"loc":{"start":{"line":88,"column":15},"end":{"line":88,"column":63}},"type":"cond-expr","locations":[{"start":{"line":88,"column":33},"end":{"line":88,"column":58}},{"start":{"line":88,"column":61},"end":{"line":88,"column":63}}],"line":88},"12":{"loc":{"start":{"line":137,"column":6},"end":{"line":142,"column":7}},"type":"if","locations":[{"start":{"line":137,"column":6},"end":{"line":142,"column":7}},{"start":{},"end":{}}],"line":137},"13":{"loc":{"start":{"line":183,"column":6},"end":{"line":188,"column":7}},"type":"if","locations":[{"start":{"line":183,"column":6},"end":{"line":188,"column":7}},{"start":{},"end":{}}],"line":183},"14":{"loc":{"start":{"line":205,"column":6},"end":{"line":210,"column":7}},"type":"if","locations":[{"start":{"line":205,"column":6},"end":{"line":210,"column":7}},{"start":{},"end":{}}],"line":205},"15":{"loc":{"start":{"line":218,"column":6},"end":{"line":223,"column":7}},"type":"if","locations":[{"start":{"line":218,"column":6},"end":{"line":223,"column":7}},{"start":{},"end":{}}],"line":218},"16":{"loc":{"start":{"line":244,"column":6},"end":{"line":249,"column":7}},"type":"if","locations":[{"start":{"line":244,"column":6},"end":{"line":249,"column":7}},{"start":{},"end":{}}],"line":244},"17":{"loc":{"start":{"line":271,"column":6},"end":{"line":276,"column":7}},"type":"if","locations":[{"start":{"line":271,"column":6},"end":{"line":276,"column":7}},{"start":{},"end":{}}],"line":271},"18":{"loc":{"start":{"line":293,"column":6},"end":{"line":298,"column":7}},"type":"if","locations":[{"start":{"line":293,"column":6},"end":{"line":298,"column":7}},{"start":{},"end":{}}],"line":293},"19":{"loc":{"start":{"line":293,"column":10},"end":{"line":293,"column":52}},"type":"binary-expr","locations":[{"start":{"line":293,"column":10},"end":{"line":293,"column":21}},{"start":{"line":293,"column":25},"end":{"line":293,"column":52}}],"line":293},"20":{"loc":{"start":{"line":307,"column":6},"end":{"line":312,"column":7}},"type":"if","locations":[{"start":{"line":307,"column":6},"end":{"line":312,"column":7}},{"start":{},"end":{}}],"line":307},"21":{"loc":{"start":{"line":353,"column":6},"end":{"line":358,"column":7}},"type":"if","locations":[{"start":{"line":353,"column":6},"end":{"line":358,"column":7}},{"start":{},"end":{}}],"line":353},"22":{"loc":{"start":{"line":380,"column":6},"end":{"line":385,"column":7}},"type":"if","locations":[{"start":{"line":380,"column":6},"end":{"line":385,"column":7}},{"start":{},"end":{}}],"line":380},"23":{"loc":{"start":{"line":426,"column":6},"end":{"line":431,"column":7}},"type":"if","locations":[{"start":{"line":426,"column":6},"end":{"line":431,"column":7}},{"start":{},"end":{}}],"line":426},"24":{"loc":{"start":{"line":441,"column":6},"end":{"line":446,"column":7}},"type":"if","locations":[{"start":{"line":441,"column":6},"end":{"line":446,"column":7}},{"start":{},"end":{}}],"line":441}},"s":{"0":1,"1":0,"2":0,"3":0,"4":0,"5":0,"6":0,"7":0,"8":0,"9":0,"10":0,"11":0,"12":0,"13":0,"14":0,"15":0,"16":0,"17":0,"18":0,"19":0,"20":0,"21":0,"22":0,"23":0,"24":0,"25":0,"26":0,"27":0,"28":0,"29":0,"30":0,"31":0,"32":0,"33":0,"34":0,"35":0,"36":0,"37":0,"38":0,"39":0,"40":0,"41":0,"42":0,"43":0,"44":0,"45":0,"46":0,"47":0,"48":0,"49":0,"50":0,"51":0,"52":0,"53":0,"54":0,"55":0,"56":0,"57":0,"58":0,"59":0,"60":0,"61":0,"62":0,"63":0,"64":0,"65":0,"66":0,"67":0,"68":0,"69":0,"70":0,"71":0,"72":0,"73":0,"74":0,"75":0,"76":0,"77":0,"78":0,"79":0,"80":0,"81":0,"82":0,"83":0,"84":0,"85":0,"86":0,"87":0,"88":0,"89":0,"90":0,"91":0,"92":0,"93":0,"94":0,"95":0,"96":0,"97":0,"98":0,"99":0,"100":0,"101":0,"102":0,"103":0,"104":0,"105":0,"106":0,"107":0,"108":0,"109":0,"110":0,"111":1},"f":{"0":0,"1":0,"2":0,"3":0,"4":0,"5":0,"6":0,"7":0,"8":0,"9":0,"10":0,"11":0,"12":0,"13":0,"14":0,"15":0,"16":0},"b":{"0":[0,0],"1":[0,0],"2":[0,0],"3":[0,0],"4":[0,0],"5":[0,0],"6":[0,0],"7":[0,0],"8":[0,0],"9":[0,0],"10":[0,0],"11":[0,0],"12":[0,0],"13":[0,0],"14":[0,0],"15":[0,0],"16":[0,0],"17":[0,0],"18":[0,0],"19":[0,0],"20":[0,0],"21":[0,0],"22":[0,0],"23":[0,0],"24":[0,0]},"_coverageSchema":"1a1c01bbd47fc00a2c39e90264f33305004495a9","hash":"740caac970cd256c40d2d2bfdd9af48a9fc40eff"}
,"C:\\Users\\ADMIN\\Desktop\\BachKhoa\\Restaurant-management\\backend\\src\\controllers\\orderController.js": {"path":"C:\\Users\\ADMIN\\Desktop\\BachKhoa\\Restaurant-management\\backend\\src\\controllers\\orderController.js","statementMap":{"0":{"start":{"line":1,"column":21},"end":{"line":1,"column":56}},"1":{"start":{"line":5,"column":19},"end":{"line":5,"column":46}},"2":{"start":{"line":6,"column":22},"end":{"line":6,"column":51}},"3":{"start":{"line":7,"column":4},"end":{"line":7,"column":33}},"4":{"start":{"line":11,"column":4},"end":{"line":36,"column":5}},"5":{"start":{"line":12,"column":6},"end":{"line":17,"column":7}},"6":{"start":{"line":13,"column":8},"end":{"line":16,"column":11}},"7":{"start":{"line":19,"column":36},"end":{"line":19,"column":70}},"8":{"start":{"line":21,"column":20},"end":{"line":21,"column":79}},"9":{"start":{"line":23,"column":6},"end":{"line":27,"column":9}},"10":{"start":{"line":29,"column":25},"end":{"line":29,"column":48}},"11":{"start":{"line":30,"column":6},"end":{"line":30,"column":50}},"12":{"start":{"line":31,"column":6},"end":{"line":35,"column":9}},"13":{"start":{"line":40,"column":4},"end":{"line":65,"column":5}},"14":{"start":{"line":41,"column":22},"end":{"line":41,"column":49}},"15":{"start":{"line":43,"column":6},"end":{"line":48,"column":7}},"16":{"start":{"line":44,"column":8},"end":{"line":47,"column":11}},"17":{"start":{"line":50,"column":20},"end":{"line":50,"column":62}},"18":{"start":{"line":52,"column":6},"end":{"line":56,"column":9}},"19":{"start":{"line":58,"column":25},"end":{"line":58,"column":48}},"20":{"start":{"line":59,"column":6},"end":{"line":59,"column":53}},"21":{"start":{"line":60,"column":6},"end":{"line":64,"column":9}},"22":{"start":{"line":69,"column":4},"end":{"line":85,"column":5}},"23":{"start":{"line":70,"column":21},"end":{"line":70,"column":68}},"24":{"start":{"line":72,"column":6},"end":{"line":76,"column":9}},"25":{"start":{"line":78,"column":25},"end":{"line":78,"column":48}},"26":{"start":{"line":79,"column":6},"end":{"line":79,"column":58}},"27":{"start":{"line":80,"column":6},"end":{"line":84,"column":9}},"28":{"start":{"line":89,"column":4},"end":{"line":105,"column":5}},"29":{"start":{"line":90,"column":21},"end":{"line":90,"column":71}},"30":{"start":{"line":92,"column":6},"end":{"line":96,"column":9}},"31":{"start":{"line":98,"column":25},"end":{"line":98,"column":48}},"32":{"start":{"line":99,"column":6},"end":{"line":99,"column":61}},"33":{"start":{"line":100,"column":6},"end":{"line":104,"column":9}},"34":{"start":{"line":109,"column":4},"end":{"line":134,"column":5}},"35":{"start":{"line":110,"column":21},"end":{"line":110,"column":40}},"36":{"start":{"line":112,"column":6},"end":{"line":117,"column":7}},"37":{"start":{"line":113,"column":8},"end":{"line":116,"column":11}},"38":{"start":{"line":119,"column":21},"end":{"line":119,"column":75}},"39":{"start":{"line":121,"column":6},"end":{"line":125,"column":9}},"40":{"start":{"line":127,"column":25},"end":{"line":127,"column":48}},"41":{"start":{"line":128,"column":6},"end":{"line":128,"column":57}},"42":{"start":{"line":129,"column":6},"end":{"line":133,"column":9}},"43":{"start":{"line":138,"column":4},"end":{"line":161,"column":5}},"44":{"start":{"line":139,"column":22},"end":{"line":139,"column":49}},"45":{"start":{"line":140,"column":6},"end":{"line":145,"column":7}},"46":{"start":{"line":141,"column":8},"end":{"line":144,"column":11}},"47":{"start":{"line":147,"column":20},"end":{"line":147,"column":70}},"48":{"start":{"line":149,"column":6},"end":{"line":152,"column":9}},"49":{"start":{"line":154,"column":25},"end":{"line":154,"column":48}},"50":{"start":{"line":155,"column":6},"end":{"line":155,"column":54}},"51":{"start":{"line":156,"column":6},"end":{"line":160,"column":9}},"52":{"start":{"line":165,"column":4},"end":{"line":189,"column":5}},"53":{"start":{"line":166,"column":22},"end":{"line":166,"column":49}},"54":{"start":{"line":167,"column":6},"end":{"line":172,"column":7}},"55":{"start":{"line":168,"column":8},"end":{"line":171,"column":11}},"56":{"start":{"line":174,"column":20},"end":{"line":174,"column":82}},"57":{"start":{"line":176,"column":6},"end":{"line":180,"column":9}},"58":{"start":{"line":182,"column":25},"end":{"line":182,"column":48}},"59":{"start":{"line":183,"column":6},"end":{"line":183,"column":57}},"60":{"start":{"line":184,"column":6},"end":{"line":188,"column":9}},"61":{"start":{"line":193,"column":4},"end":{"line":218,"column":5}},"62":{"start":{"line":194,"column":22},"end":{"line":194,"column":49}},"63":{"start":{"line":195,"column":6},"end":{"line":200,"column":7}},"64":{"start":{"line":196,"column":8},"end":{"line":199,"column":11}},"65":{"start":{"line":202,"column":25},"end":{"line":202,"column":52}},"66":{"start":{"line":203,"column":20},"end":{"line":203,"column":88}},"67":{"start":{"line":205,"column":6},"end":{"line":209,"column":9}},"68":{"start":{"line":211,"column":25},"end":{"line":211,"column":48}},"69":{"start":{"line":212,"column":6},"end":{"line":212,"column":50}},"70":{"start":{"line":213,"column":6},"end":{"line":217,"column":9}},"71":{"start":{"line":222,"column":4},"end":{"line":251,"column":5}},"72":{"start":{"line":223,"column":22},"end":{"line":223,"column":49}},"73":{"start":{"line":224,"column":6},"end":{"line":229,"column":7}},"74":{"start":{"line":225,"column":8},"end":{"line":228,"column":11}},"75":{"start":{"line":231,"column":21},"end":{"line":231,"column":40}},"76":{"start":{"line":232,"column":20},"end":{"line":236,"column":7}},"77":{"start":{"line":238,"column":6},"end":{"line":242,"column":9}},"78":{"start":{"line":244,"column":25},"end":{"line":244,"column":48}},"79":{"start":{"line":245,"column":6},"end":{"line":245,"column":59}},"80":{"start":{"line":246,"column":6},"end":{"line":250,"column":9}},"81":{"start":{"line":255,"column":4},"end":{"line":279,"column":5}},"82":{"start":{"line":256,"column":22},"end":{"line":256,"column":49}},"83":{"start":{"line":257,"column":6},"end":{"line":262,"column":7}},"84":{"start":{"line":258,"column":8},"end":{"line":261,"column":11}},"85":{"start":{"line":264,"column":20},"end":{"line":264,"column":78}},"86":{"start":{"line":266,"column":6},"end":{"line":270,"column":9}},"87":{"start":{"line":272,"column":25},"end":{"line":272,"column":48}},"88":{"start":{"line":273,"column":6},"end":{"line":273,"column":55}},"89":{"start":{"line":274,"column":6},"end":{"line":278,"column":9}},"90":{"start":{"line":283,"column":0},"end":{"line":283,"column":33}}},"fnMap":{"0":{"name":"(anonymous_0)","decl":{"start":{"line":4,"column":2},"end":{"line":4,"column":3}},"loc":{"start":{"line":4,"column":28},"end":{"line":8,"column":3}},"line":4},"1":{"name":"(anonymous_1)","decl":{"start":{"line":10,"column":2},"end":{"line":10,"column":3}},"loc":{"start":{"line":10,"column":37},"end":{"line":37,"column":3}},"line":10},"2":{"name":"(anonymous_2)","decl":{"start":{"line":39,"column":2},"end":{"line":39,"column":3}},"loc":{"start":{"line":39,"column":40},"end":{"line":66,"column":3}},"line":39},"3":{"name":"(anonymous_3)","decl":{"start":{"line":68,"column":2},"end":{"line":68,"column":3}},"loc":{"start":{"line":68,"column":43},"end":{"line":86,"column":3}},"line":68},"4":{"name":"(anonymous_4)","decl":{"start":{"line":88,"column":2},"end":{"line":88,"column":3}},"loc":{"start":{"line":88,"column":46},"end":{"line":106,"column":3}},"line":88},"5":{"name":"(anonymous_5)","decl":{"start":{"line":108,"column":2},"end":{"line":108,"column":3}},"loc":{"start":{"line":108,"column":42},"end":{"line":135,"column":3}},"line":108},"6":{"name":"(anonymous_6)","decl":{"start":{"line":137,"column":2},"end":{"line":137,"column":3}},"loc":{"start":{"line":137,"column":48},"end":{"line":162,"column":3}},"line":137},"7":{"name":"(anonymous_7)","decl":{"start":{"line":164,"column":2},"end":{"line":164,"column":3}},"loc":{"start":{"line":164,"column":43},"end":{"line":190,"column":3}},"line":164},"8":{"name":"(anonymous_8)","decl":{"start":{"line":192,"column":2},"end":{"line":192,"column":3}},"loc":{"start":{"line":192,"column":37},"end":{"line":219,"column":3}},"line":192},"9":{"name":"(anonymous_9)","decl":{"start":{"line":221,"column":2},"end":{"line":221,"column":3}},"loc":{"start":{"line":221,"column":44},"end":{"line":252,"column":3}},"line":221},"10":{"name":"(anonymous_10)","decl":{"start":{"line":254,"column":2},"end":{"line":254,"column":3}},"loc":{"start":{"line":254,"column":41},"end":{"line":280,"column":3}},"line":254}},"branchMap":{"0":{"loc":{"start":{"line":5,"column":19},"end":{"line":5,"column":46}},"type":"binary-expr","locations":[{"start":{"line":5,"column":19},"end":{"line":5,"column":38}},{"start":{"line":5,"column":42},"end":{"line":5,"column":46}}],"line":5},"1":{"loc":{"start":{"line":6,"column":22},"end":{"line":6,"column":51}},"type":"cond-expr","locations":[{"start":{"line":6,"column":31},"end":{"line":6,"column":35}},{"start":{"line":6,"column":38},"end":{"line":6,"column":51}}],"line":6},"2":{"loc":{"start":{"line":12,"column":6},"end":{"line":17,"column":7}},"type":"if","locations":[{"start":{"line":12,"column":6},"end":{"line":17,"column":7}},{"start":{},"end":{}}],"line":12},"3":{"loc":{"start":{"line":29,"column":25},"end":{"line":29,"column":48}},"type":"binary-expr","locations":[{"start":{"line":29,"column":25},"end":{"line":29,"column":41}},{"start":{"line":29,"column":45},"end":{"line":29,"column":48}}],"line":29},"4":{"loc":{"start":{"line":33,"column":17},"end":{"line":33,"column":56}},"type":"binary-expr","locations":[{"start":{"line":33,"column":17},"end":{"line":33,"column":30}},{"start":{"line":33,"column":34},"end":{"line":33,"column":56}}],"line":33},"5":{"loc":{"start":{"line":43,"column":6},"end":{"line":48,"column":7}},"type":"if","locations":[{"start":{"line":43,"column":6},"end":{"line":48,"column":7}},{"start":{},"end":{}}],"line":43},"6":{"loc":{"start":{"line":58,"column":25},"end":{"line":58,"column":48}},"type":"binary-expr","locations":[{"start":{"line":58,"column":25},"end":{"line":58,"column":41}},{"start":{"line":58,"column":45},"end":{"line":58,"column":48}}],"line":58},"7":{"loc":{"start":{"line":62,"column":17},"end":{"line":62,"column":56}},"type":"binary-expr","locations":[{"start":{"line":62,"column":17},"end":{"line":62,"column":30}},{"start":{"line":62,"column":34},"end":{"line":62,"column":56}}],"line":62},"8":{"loc":{"start":{"line":78,"column":25},"end":{"line":78,"column":48}},"type":"binary-expr","locations":[{"start":{"line":78,"column":25},"end":{"line":78,"column":41}},{"start":{"line":78,"column":45},"end":{"line":78,"column":48}}],"line":78},"9":{"loc":{"start":{"line":82,"column":17},"end":{"line":82,"column":66}},"type":"binary-expr","locations":[{"start":{"line":82,"column":17},"end":{"line":82,"column":30}},{"start":{"line":82,"column":34},"end":{"line":82,"column":66}}],"line":82},"10":{"loc":{"start":{"line":98,"column":25},"end":{"line":98,"column":48}},"type":"binary-expr","locations":[{"start":{"line":98,"column":25},"end":{"line":98,"column":41}},{"start":{"line":98,"column":45},"end":{"line":98,"column":48}}],"line":98},"11":{"loc":{"start":{"line":102,"column":17},"end":{"line":102,"column":60}},"type":"binary-expr","locations":[{"start":{"line":102,"column":17},"end":{"line":102,"column":30}},{"start":{"line":102,"column":34},"end":{"line":102,"column":60}}],"line":102},"12":{"loc":{"start":{"line":112,"column":6},"end":{"line":117,"column":7}},"type":"if","locations":[{"start":{"line":112,"column":6},"end":{"line":117,"column":7}},{"start":{},"end":{}}],"line":112},"13":{"loc":{"start":{"line":127,"column":25},"end":{"line":127,"column":48}},"type":"binary-expr","locations":[{"start":{"line":127,"column":25},"end":{"line":127,"column":41}},{"start":{"line":127,"column":45},"end":{"line":127,"column":48}}],"line":127},"14":{"loc":{"start":{"line":131,"column":17},"end":{"line":131,"column":66}},"type":"binary-expr","locations":[{"start":{"line":131,"column":17},"end":{"line":131,"column":30}},{"start":{"line":131,"column":34},"end":{"line":131,"column":66}}],"line":131},"15":{"loc":{"start":{"line":140,"column":6},"end":{"line":145,"column":7}},"type":"if","locations":[{"start":{"line":140,"column":6},"end":{"line":145,"column":7}},{"start":{},"end":{}}],"line":140},"16":{"loc":{"start":{"line":154,"column":25},"end":{"line":154,"column":48}},"type":"binary-expr","locations":[{"start":{"line":154,"column":25},"end":{"line":154,"column":41}},{"start":{"line":154,"column":45},"end":{"line":154,"column":48}}],"line":154},"17":{"loc":{"start":{"line":158,"column":17},"end":{"line":158,"column":65}},"type":"binary-expr","locations":[{"start":{"line":158,"column":17},"end":{"line":158,"column":30}},{"start":{"line":158,"column":34},"end":{"line":158,"column":65}}],"line":158},"18":{"loc":{"start":{"line":167,"column":6},"end":{"line":172,"column":7}},"type":"if","locations":[{"start":{"line":167,"column":6},"end":{"line":172,"column":7}},{"start":{},"end":{}}],"line":167},"19":{"loc":{"start":{"line":182,"column":25},"end":{"line":182,"column":48}},"type":"binary-expr","locations":[{"start":{"line":182,"column":25},"end":{"line":182,"column":41}},{"start":{"line":182,"column":45},"end":{"line":182,"column":48}}],"line":182},"20":{"loc":{"start":{"line":186,"column":17},"end":{"line":186,"column":72}},"type":"binary-expr","locations":[{"start":{"line":186,"column":17},"end":{"line":186,"column":30}},{"start":{"line":186,"column":34},"end":{"line":186,"column":72}}],"line":186},"21":{"loc":{"start":{"line":195,"column":6},"end":{"line":200,"column":7}},"type":"if","locations":[{"start":{"line":195,"column":6},"end":{"line":200,"column":7}},{"start":{},"end":{}}],"line":195},"22":{"loc":{"start":{"line":202,"column":25},"end":{"line":202,"column":52}},"type":"binary-expr","locations":[{"start":{"line":202,"column":25},"end":{"line":202,"column":44}},{"start":{"line":202,"column":48},"end":{"line":202,"column":52}}],"line":202},"23":{"loc":{"start":{"line":211,"column":25},"end":{"line":211,"column":48}},"type":"binary-expr","locations":[{"start":{"line":211,"column":25},"end":{"line":211,"column":41}},{"start":{"line":211,"column":45},"end":{"line":211,"column":48}}],"line":211},"24":{"loc":{"start":{"line":215,"column":17},"end":{"line":215,"column":56}},"type":"binary-expr","locations":[{"start":{"line":215,"column":17},"end":{"line":215,"column":30}},{"start":{"line":215,"column":34},"end":{"line":215,"column":56}}],"line":215},"25":{"loc":{"start":{"line":224,"column":6},"end":{"line":229,"column":7}},"type":"if","locations":[{"start":{"line":224,"column":6},"end":{"line":229,"column":7}},{"start":{},"end":{}}],"line":224},"26":{"loc":{"start":{"line":244,"column":25},"end":{"line":244,"column":48}},"type":"binary-expr","locations":[{"start":{"line":244,"column":25},"end":{"line":244,"column":41}},{"start":{"line":244,"column":45},"end":{"line":244,"column":48}}],"line":244},"27":{"loc":{"start":{"line":248,"column":17},"end":{"line":248,"column":56}},"type":"binary-expr","locations":[{"start":{"line":248,"column":17},"end":{"line":248,"column":30}},{"start":{"line":248,"column":34},"end":{"line":248,"column":56}}],"line":248},"28":{"loc":{"start":{"line":257,"column":6},"end":{"line":262,"column":7}},"type":"if","locations":[{"start":{"line":257,"column":6},"end":{"line":262,"column":7}},{"start":{},"end":{}}],"line":257},"29":{"loc":{"start":{"line":272,"column":25},"end":{"line":272,"column":48}},"type":"binary-expr","locations":[{"start":{"line":272,"column":25},"end":{"line":272,"column":41}},{"start":{"line":272,"column":45},"end":{"line":272,"column":48}}],"line":272},"30":{"loc":{"start":{"line":276,"column":17},"end":{"line":276,"column":60}},"type":"binary-expr","locations":[{"start":{"line":276,"column":17},"end":{"line":276,"column":30}},{"start":{"line":276,"column":34},"end":{"line":276,"column":60}}],"line":276}},"s":{"0":1,"1":0,"2":0,"3":0,"4":0,"5":0,"6":0,"7":0,"8":0,"9":0,"10":0,"11":0,"12":0,"13":0,"14":0,"15":0,"16":0,"17":0,"18":0,"19":0,"20":0,"21":0,"22":0,"23":0,"24":0,"25":0,"26":0,"27":0,"28":0,"29":0,"30":0,"31":0,"32":0,"33":0,"34":0,"35":0,"36":0,"37":0,"38":0,"39":0,"40":0,"41":0,"42":0,"43":0,"44":0,"45":0,"46":0,"47":0,"48":0,"49":0,"50":0,"51":0,"52":0,"53":0,"54":0,"55":0,"56":0,"57":0,"58":0,"59":0,"60":0,"61":0,"62":0,"63":0,"64":0,"65":0,"66":0,"67":0,"68":0,"69":0,"70":0,"71":0,"72":0,"73":0,"74":0,"75":0,"76":0,"77":0,"78":0,"79":0,"80":0,"81":0,"82":0,"83":0,"84":0,"85":0,"86":0,"87":0,"88":0,"89":0,"90":1},"f":{"0":0,"1":0,"2":0,"3":0,"4":0,"5":0,"6":0,"7":0,"8":0,"9":0,"10":0},"b":{"0":[0,0],"1":[0,0],"2":[0,0],"3":[0,0],"4":[0,0],"5":[0,0],"6":[0,0],"7":[0,0],"8":[0,0],"9":[0,0],"10":[0,0],"11":[0,0],"12":[0,0],"13":[0,0],"14":[0,0],"15":[0,0],"16":[0,0],"17":[0,0],"18":[0,0],"19":[0,0],"20":[0,0],"21":[0,0],"22":[0,0],"23":[0,0],"24":[0,0],"25":[0,0],"26":[0,0],"27":[0,0],"28":[0,0],"29":[0,0],"30":[0,0]},"_coverageSchema":"1a1c01bbd47fc00a2c39e90264f33305004495a9","hash":"f6152d6e26a209fe54adc34d4056c023626f8bcf"}
,"C:\\Users\\ADMIN\\Desktop\\BachKhoa\\Restaurant-management\\backend\\src\\controllers\\reservationController.js": {"path":"C:\\Users\\ADMIN\\Desktop\\BachKhoa\\Restaurant-management\\backend\\src\\controllers\\reservationController.js","statementMap":{"0":{"start":{"line":1,"column":27},"end":{"line":1,"column":68}},"1":{"start":{"line":2,"column":26},"end":{"line":2,"column":57}},"2":{"start":{"line":3,"column":13},"end":{"line":3,"column":38}},"3":{"start":{"line":7,"column":17},"end":{"line":7,"column":44}},"4":{"start":{"line":8,"column":20},"end":{"line":8,"column":49}},"5":{"start":{"line":9,"column":2},"end":{"line":9,"column":31}},"6":{"start":{"line":13,"column":2},"end":{"line":44,"column":3}},"7":{"start":{"line":14,"column":50},"end":{"line":14,"column":59}},"8":{"start":{"line":15,"column":27},"end":{"line":15,"column":57}},"9":{"start":{"line":16,"column":3},"end":{"line":21,"column":4}},"10":{"start":{"line":17,"column":4},"end":{"line":20,"column":7}},"11":{"start":{"line":23,"column":18},"end":{"line":27,"column":4}},"12":{"start":{"line":29,"column":3},"end":{"line":36,"column":6}},"13":{"start":{"line":38,"column":3},"end":{"line":38,"column":58}},"14":{"start":{"line":39,"column":3},"end":{"line":43,"column":6}},"15":{"start":{"line":48,"column":2},"end":{"line":84,"column":3}},"16":{"start":{"line":49,"column":33},"end":{"line":49,"column":79}},"17":{"start":{"line":50,"column":23},"end":{"line":50,"column":94}},"18":{"start":{"line":53,"column":3},"end":{"line":70,"column":4}},"19":{"start":{"line":54,"column":4},"end":{"line":69,"column":5}},"20":{"start":{"line":55,"column":26},"end":{"line":55,"column":57}},"21":{"start":{"line":56,"column":16},"end":{"line":56,"column":35}},"22":{"start":{"line":57,"column":5},"end":{"line":66,"column":6}},"23":{"start":{"line":58,"column":6},"end":{"line":65,"column":9}},"24":{"start":{"line":68,"column":5},"end":{"line":68,"column":58}},"25":{"start":{"line":72,"column":3},"end":{"line":76,"column":6}},"26":{"start":{"line":78,"column":3},"end":{"line":78,"column":53}},"27":{"start":{"line":79,"column":3},"end":{"line":83,"column":6}},"28":{"start":{"line":88,"column":2},"end":{"line":103,"column":3}},"29":{"start":{"line":89,"column":18},"end":{"line":89,"column":37}},"30":{"start":{"line":90,"column":24},"end":{"line":90,"column":78}},"31":{"start":{"line":92,"column":3},"end":{"line":95,"column":6}},"32":{"start":{"line":97,"column":3},"end":{"line":97,"column":58}},"33":{"start":{"line":98,"column":3},"end":{"line":102,"column":6}},"34":{"start":{"line":107,"column":2},"end":{"line":131,"column":3}},"35":{"start":{"line":108,"column":18},"end":{"line":108,"column":37}},"36":{"start":{"line":109,"column":28},"end":{"line":109,"column":42}},"37":{"start":{"line":110,"column":25},"end":{"line":110,"column":49}},"38":{"start":{"line":112,"column":3},"end":{"line":117,"column":4}},"39":{"start":{"line":113,"column":4},"end":{"line":116,"column":7}},"40":{"start":{"line":119,"column":3},"end":{"line":119,"column":69}},"41":{"start":{"line":120,"column":3},"end":{"line":123,"column":6}},"42":{"start":{"line":125,"column":3},"end":{"line":125,"column":51}},"43":{"start":{"line":126,"column":3},"end":{"line":130,"column":6}},"44":{"start":{"line":135,"column":2},"end":{"line":158,"column":3}},"45":{"start":{"line":136,"column":46},"end":{"line":136,"column":55}},"46":{"start":{"line":137,"column":18},"end":{"line":143,"column":5}},"47":{"start":{"line":145,"column":3},"end":{"line":150,"column":6}},"48":{"start":{"line":152,"column":3},"end":{"line":152,"column":70}},"49":{"start":{"line":153,"column":3},"end":{"line":157,"column":6}},"50":{"start":{"line":162,"column":2},"end":{"line":177,"column":3}},"51":{"start":{"line":163,"column":23},"end":{"line":163,"column":42}},"52":{"start":{"line":164,"column":23},"end":{"line":164,"column":96}},"53":{"start":{"line":165,"column":3},"end":{"line":169,"column":6}},"54":{"start":{"line":171,"column":3},"end":{"line":171,"column":63}},"55":{"start":{"line":172,"column":3},"end":{"line":176,"column":6}},"56":{"start":{"line":182,"column":2},"end":{"line":210,"column":3}},"57":{"start":{"line":183,"column":28},"end":{"line":183,"column":43}},"58":{"start":{"line":184,"column":25},"end":{"line":184,"column":49}},"59":{"start":{"line":185,"column":3},"end":{"line":190,"column":4}},"60":{"start":{"line":186,"column":4},"end":{"line":189,"column":6}},"61":{"start":{"line":191,"column":23},"end":{"line":191,"column":91}},"62":{"start":{"line":192,"column":3},"end":{"line":197,"column":4}},"63":{"start":{"line":193,"column":4},"end":{"line":196,"column":6}},"64":{"start":{"line":198,"column":3},"end":{"line":202,"column":5}},"65":{"start":{"line":204,"column":3},"end":{"line":204,"column":59}},"66":{"start":{"line":205,"column":3},"end":{"line":209,"column":6}},"67":{"start":{"line":213,"column":2},"end":{"line":237,"column":3}},"68":{"start":{"line":214,"column":28},"end":{"line":214,"column":43}},"69":{"start":{"line":215,"column":25},"end":{"line":215,"column":49}},"70":{"start":{"line":216,"column":3},"end":{"line":221,"column":4}},"71":{"start":{"line":217,"column":4},"end":{"line":220,"column":6}},"72":{"start":{"line":222,"column":33},"end":{"line":222,"column":41}},"73":{"start":{"line":223,"column":29},"end":{"line":223,"column":119}},"74":{"start":{"line":224,"column":3},"end":{"line":228,"column":6}},"75":{"start":{"line":231,"column":3},"end":{"line":231,"column":63}},"76":{"start":{"line":232,"column":3},"end":{"line":236,"column":6}},"77":{"start":{"line":241,"column":0},"end":{"line":241,"column":39}}},"fnMap":{"0":{"name":"(anonymous_0)","decl":{"start":{"line":6,"column":1},"end":{"line":6,"column":2}},"loc":{"start":{"line":6,"column":33},"end":{"line":10,"column":2}},"line":6},"1":{"name":"(anonymous_1)","decl":{"start":{"line":12,"column":1},"end":{"line":12,"column":2}},"loc":{"start":{"line":12,"column":46},"end":{"line":45,"column":2}},"line":12},"2":{"name":"(anonymous_2)","decl":{"start":{"line":47,"column":1},"end":{"line":47,"column":2}},"loc":{"start":{"line":47,"column":42},"end":{"line":85,"column":2}},"line":47},"3":{"name":"(anonymous_3)","decl":{"start":{"line":87,"column":1},"end":{"line":87,"column":2}},"loc":{"start":{"line":87,"column":46},"end":{"line":104,"column":2}},"line":87},"4":{"name":"(anonymous_4)","decl":{"start":{"line":106,"column":1},"end":{"line":106,"column":2}},"loc":{"start":{"line":106,"column":42},"end":{"line":132,"column":2}},"line":106},"5":{"name":"(anonymous_5)","decl":{"start":{"line":134,"column":1},"end":{"line":134,"column":2}},"loc":{"start":{"line":134,"column":47},"end":{"line":159,"column":2}},"line":134},"6":{"name":"(anonymous_6)","decl":{"start":{"line":161,"column":1},"end":{"line":161,"column":2}},"loc":{"start":{"line":161,"column":50},"end":{"line":178,"column":2}},"line":161},"7":{"name":"(anonymous_7)","decl":{"start":{"line":181,"column":1},"end":{"line":181,"column":2}},"loc":{"start":{"line":181,"column":53},"end":{"line":211,"column":2}},"line":181},"8":{"name":"(anonymous_8)","decl":{"start":{"line":212,"column":1},"end":{"line":212,"column":2}},"loc":{"start":{"line":212,"column":55},"end":{"line":238,"column":2}},"line":212}},"branchMap":{"0":{"loc":{"start":{"line":7,"column":17},"end":{"line":7,"column":44}},"type":"binary-expr","locations":[{"start":{"line":7,"column":17},"end":{"line":7,"column":36}},{"start":{"line":7,"column":40},"end":{"line":7,"column":44}}],"line":7},"1":{"loc":{"start":{"line":8,"column":20},"end":{"line":8,"column":49}},"type":"cond-expr","locations":[{"start":{"line":8,"column":29},"end":{"line":8,"column":33}},{"start":{"line":8,"column":36},"end":{"line":8,"column":49}}],"line":8},"2":{"loc":{"start":{"line":16,"column":3},"end":{"line":21,"column":4}},"type":"if","locations":[{"start":{"line":16,"column":3},"end":{"line":21,"column":4}},{"start":{},"end":{}}],"line":16},"3":{"loc":{"start":{"line":41,"column":13},"end":{"line":41,"column":57}},"type":"binary-expr","locations":[{"start":{"line":41,"column":13},"end":{"line":41,"column":26}},{"start":{"line":41,"column":30},"end":{"line":41,"column":57}}],"line":41},"4":{"loc":{"start":{"line":53,"column":3},"end":{"line":70,"column":4}},"type":"if","locations":[{"start":{"line":53,"column":3},"end":{"line":70,"column":4}},{"start":{},"end":{}}],"line":53},"5":{"loc":{"start":{"line":57,"column":5},"end":{"line":66,"column":6}},"type":"if","locations":[{"start":{"line":57,"column":5},"end":{"line":66,"column":6}},{"start":{},"end":{}}],"line":57},"6":{"loc":{"start":{"line":81,"column":13},"end":{"line":81,"column":47}},"type":"binary-expr","locations":[{"start":{"line":81,"column":13},"end":{"line":81,"column":26}},{"start":{"line":81,"column":30},"end":{"line":81,"column":47}}],"line":81},"7":{"loc":{"start":{"line":100,"column":13},"end":{"line":100,"column":59}},"type":"binary-expr","locations":[{"start":{"line":100,"column":13},"end":{"line":100,"column":26}},{"start":{"line":100,"column":30},"end":{"line":100,"column":59}}],"line":100},"8":{"loc":{"start":{"line":112,"column":3},"end":{"line":117,"column":4}},"type":"if","locations":[{"start":{"line":112,"column":3},"end":{"line":117,"column":4}},{"start":{},"end":{}}],"line":112},"9":{"loc":{"start":{"line":128,"column":13},"end":{"line":128,"column":52}},"type":"binary-expr","locations":[{"start":{"line":128,"column":13},"end":{"line":128,"column":26}},{"start":{"line":128,"column":30},"end":{"line":128,"column":52}}],"line":128},"10":{"loc":{"start":{"line":155,"column":13},"end":{"line":155,"column":76}},"type":"binary-expr","locations":[{"start":{"line":155,"column":13},"end":{"line":155,"column":26}},{"start":{"line":155,"column":30},"end":{"line":155,"column":76}}],"line":155},"11":{"loc":{"start":{"line":174,"column":13},"end":{"line":174,"column":47}},"type":"binary-expr","locations":[{"start":{"line":174,"column":13},"end":{"line":174,"column":26}},{"start":{"line":174,"column":30},"end":{"line":174,"column":47}}],"line":174},"12":{"loc":{"start":{"line":185,"column":3},"end":{"line":190,"column":4}},"type":"if","locations":[{"start":{"line":185,"column":3},"end":{"line":190,"column":4}},{"start":{},"end":{}}],"line":185},"13":{"loc":{"start":{"line":192,"column":3},"end":{"line":197,"column":4}},"type":"if","locations":[{"start":{"line":192,"column":3},"end":{"line":197,"column":4}},{"start":{},"end":{}}],"line":192},"14":{"loc":{"start":{"line":207,"column":13},"end":{"line":207,"column":66}},"type":"binary-expr","locations":[{"start":{"line":207,"column":13},"end":{"line":207,"column":26}},{"start":{"line":207,"column":30},"end":{"line":207,"column":66}}],"line":207},"15":{"loc":{"start":{"line":216,"column":3},"end":{"line":221,"column":4}},"type":"if","locations":[{"start":{"line":216,"column":3},"end":{"line":221,"column":4}},{"start":{},"end":{}}],"line":216},"16":{"loc":{"start":{"line":232,"column":14},"end":{"line":232,"column":37}},"type":"binary-expr","locations":[{"start":{"line":232,"column":14},"end":{"line":232,"column":30}},{"start":{"line":232,"column":34},"end":{"line":232,"column":37}}],"line":232},"17":{"loc":{"start":{"line":234,"column":13},"end":{"line":234,"column":69}},"type":"binary-expr","locations":[{"start":{"line":234,"column":13},"end":{"line":234,"column":26}},{"start":{"line":234,"column":30},"end":{"line":234,"column":69}}],"line":234}},"s":{"0":1,"1":1,"2":1,"3":0,"4":0,"5":0,"6":0,"7":0,"8":0,"9":0,"10":0,"11":0,"12":0,"13":0,"14":0,"15":0,"16":0,"17":0,"18":0,"19":0,"20":0,"21":0,"22":0,"23":0,"24":0,"25":0,"26":0,"27":0,"28":0,"29":0,"30":0,"31":0,"32":0,"33":0,"34":0,"35":0,"36":0,"37":0,"38":0,"39":0,"40":0,"41":0,"42":0,"43":0,"44":0,"45":0,"46":0,"47":0,"48":0,"49":0,"50":0,"51":0,"52":0,"53":0,"54":0,"55":0,"56":0,"57":0,"58":0,"59":0,"60":0,"61":0,"62":0,"63":0,"64":0,"65":0,"66":0,"67":0,"68":0,"69":0,"70":0,"71":0,"72":0,"73":0,"74":0,"75":0,"76":0,"77":1},"f":{"0":0,"1":0,"2":0,"3":0,"4":0,"5":0,"6":0,"7":0,"8":0},"b":{"0":[0,0],"1":[0,0],"2":[0,0],"3":[0,0],"4":[0,0],"5":[0,0],"6":[0,0],"7":[0,0],"8":[0,0],"9":[0,0],"10":[0,0],"11":[0,0],"12":[0,0],"13":[0,0],"14":[0,0],"15":[0,0],"16":[0,0],"17":[0,0]},"_coverageSchema":"1a1c01bbd47fc00a2c39e90264f33305004495a9","hash":"084657337b2b70ae36d7b9857d4ba8849887b1b7"}
,"C:\\Users\\ADMIN\\Desktop\\BachKhoa\\Restaurant-management\\backend\\src\\controllers\\restaurantInfoController.js": {"path":"C:\\Users\\ADMIN\\Desktop\\BachKhoa\\Restaurant-management\\backend\\src\\controllers\\restaurantInfoController.js","statementMap":{"0":{"start":{"line":1,"column":30},"end":{"line":1,"column":74}},"1":{"start":{"line":5,"column":4},"end":{"line":18,"column":5}},"2":{"start":{"line":6,"column":19},"end":{"line":6,"column":66}},"3":{"start":{"line":8,"column":6},"end":{"line":11,"column":9}},"4":{"start":{"line":13,"column":25},"end":{"line":13,"column":48}},"5":{"start":{"line":14,"column":6},"end":{"line":17,"column":9}},"6":{"start":{"line":22,"column":4},"end":{"line":36,"column":5}},"7":{"start":{"line":23,"column":26},"end":{"line":23,"column":84}},"8":{"start":{"line":25,"column":6},"end":{"line":29,"column":9}},"9":{"start":{"line":31,"column":25},"end":{"line":31,"column":48}},"10":{"start":{"line":32,"column":6},"end":{"line":35,"column":9}},"11":{"start":{"line":40,"column":4},"end":{"line":55,"column":5}},"12":{"start":{"line":41,"column":21},"end":{"line":41,"column":31}},"13":{"start":{"line":42,"column":26},"end":{"line":42,"column":88}},"14":{"start":{"line":44,"column":6},"end":{"line":48,"column":9}},"15":{"start":{"line":50,"column":25},"end":{"line":50,"column":48}},"16":{"start":{"line":51,"column":6},"end":{"line":54,"column":9}},"17":{"start":{"line":59,"column":0},"end":{"line":59,"column":42}}},"fnMap":{"0":{"name":"(anonymous_0)","decl":{"start":{"line":4,"column":2},"end":{"line":4,"column":3}},"loc":{"start":{"line":4,"column":43},"end":{"line":19,"column":3}},"line":4},"1":{"name":"(anonymous_1)","decl":{"start":{"line":21,"column":2},"end":{"line":21,"column":3}},"loc":{"start":{"line":21,"column":46},"end":{"line":37,"column":3}},"line":21},"2":{"name":"(anonymous_2)","decl":{"start":{"line":39,"column":2},"end":{"line":39,"column":3}},"loc":{"start":{"line":39,"column":46},"end":{"line":56,"column":3}},"line":39}},"branchMap":{"0":{"loc":{"start":{"line":13,"column":25},"end":{"line":13,"column":48}},"type":"binary-expr","locations":[{"start":{"line":13,"column":25},"end":{"line":13,"column":41}},{"start":{"line":13,"column":45},"end":{"line":13,"column":48}}],"line":13},"1":{"loc":{"start":{"line":16,"column":17},"end":{"line":16,"column":68}},"type":"binary-expr","locations":[{"start":{"line":16,"column":17},"end":{"line":16,"column":30}},{"start":{"line":16,"column":34},"end":{"line":16,"column":68}}],"line":16},"2":{"loc":{"start":{"line":31,"column":25},"end":{"line":31,"column":48}},"type":"binary-expr","locations":[{"start":{"line":31,"column":25},"end":{"line":31,"column":41}},{"start":{"line":31,"column":45},"end":{"line":31,"column":48}}],"line":31},"3":{"loc":{"start":{"line":34,"column":17},"end":{"line":34,"column":68}},"type":"binary-expr","locations":[{"start":{"line":34,"column":17},"end":{"line":34,"column":30}},{"start":{"line":34,"column":34},"end":{"line":34,"column":68}}],"line":34},"4":{"loc":{"start":{"line":50,"column":25},"end":{"line":50,"column":48}},"type":"binary-expr","locations":[{"start":{"line":50,"column":25},"end":{"line":50,"column":41}},{"start":{"line":50,"column":45},"end":{"line":50,"column":48}}],"line":50},"5":{"loc":{"start":{"line":53,"column":17},"end":{"line":53,"column":73}},"type":"binary-expr","locations":[{"start":{"line":53,"column":17},"end":{"line":53,"column":30}},{"start":{"line":53,"column":34},"end":{"line":53,"column":73}}],"line":53}},"s":{"0":1,"1":0,"2":0,"3":0,"4":0,"5":0,"6":0,"7":0,"8":0,"9":0,"10":0,"11":0,"12":0,"13":0,"14":0,"15":0,"16":0,"17":1},"f":{"0":0,"1":0,"2":0},"b":{"0":[0,0],"1":[0,0],"2":[0,0],"3":[0,0],"4":[0,0],"5":[0,0]},"_coverageSchema":"1a1c01bbd47fc00a2c39e90264f33305004495a9","hash":"642aa678d69592a6b33cdf8588e0099d11668b7b"}
,"C:\\Users\\ADMIN\\Desktop\\BachKhoa\\Restaurant-management\\backend\\src\\controllers\\reviewController.js": {"path":"C:\\Users\\ADMIN\\Desktop\\BachKhoa\\Restaurant-management\\backend\\src\\controllers\\reviewController.js","statementMap":{"0":{"start":{"line":1,"column":22},"end":{"line":1,"column":58}},"1":{"start":{"line":5,"column":4},"end":{"line":17,"column":5}},"2":{"start":{"line":6,"column":22},"end":{"line":6,"column":84}},"3":{"start":{"line":7,"column":6},"end":{"line":11,"column":9}},"4":{"start":{"line":13,"column":6},"end":{"line":16,"column":9}},"5":{"start":{"line":21,"column":4},"end":{"line":33,"column":5}},"6":{"start":{"line":22,"column":22},"end":{"line":22,"column":110}},"7":{"start":{"line":23,"column":6},"end":{"line":27,"column":9}},"8":{"start":{"line":29,"column":6},"end":{"line":32,"column":9}},"9":{"start":{"line":37,"column":4},"end":{"line":48,"column":5}},"10":{"start":{"line":38,"column":6},"end":{"line":38,"column":85}},"11":{"start":{"line":39,"column":6},"end":{"line":42,"column":9}},"12":{"start":{"line":44,"column":6},"end":{"line":47,"column":9}},"13":{"start":{"line":52,"column":4},"end":{"line":65,"column":5}},"14":{"start":{"line":53,"column":21},"end":{"line":53,"column":109}},"15":{"start":{"line":54,"column":6},"end":{"line":59,"column":9}},"16":{"start":{"line":61,"column":6},"end":{"line":64,"column":9}},"17":{"start":{"line":69,"column":4},"end":{"line":81,"column":5}},"18":{"start":{"line":70,"column":21},"end":{"line":70,"column":106}},"19":{"start":{"line":71,"column":6},"end":{"line":75,"column":9}},"20":{"start":{"line":77,"column":6},"end":{"line":80,"column":9}},"21":{"start":{"line":85,"column":4},"end":{"line":97,"column":5}},"22":{"start":{"line":86,"column":21},"end":{"line":86,"column":78}},"23":{"start":{"line":87,"column":6},"end":{"line":91,"column":9}},"24":{"start":{"line":93,"column":6},"end":{"line":96,"column":9}},"25":{"start":{"line":101,"column":4},"end":{"line":113,"column":5}},"26":{"start":{"line":102,"column":21},"end":{"line":102,"column":76}},"27":{"start":{"line":103,"column":6},"end":{"line":107,"column":9}},"28":{"start":{"line":109,"column":6},"end":{"line":112,"column":9}},"29":{"start":{"line":117,"column":4},"end":{"line":129,"column":5}},"30":{"start":{"line":118,"column":22},"end":{"line":118,"column":105}},"31":{"start":{"line":119,"column":6},"end":{"line":123,"column":9}},"32":{"start":{"line":125,"column":6},"end":{"line":128,"column":9}},"33":{"start":{"line":133,"column":0},"end":{"line":133,"column":34}}},"fnMap":{"0":{"name":"(anonymous_0)","decl":{"start":{"line":4,"column":2},"end":{"line":4,"column":3}},"loc":{"start":{"line":4,"column":38},"end":{"line":18,"column":3}},"line":4},"1":{"name":"(anonymous_1)","decl":{"start":{"line":20,"column":2},"end":{"line":20,"column":3}},"loc":{"start":{"line":20,"column":41},"end":{"line":34,"column":3}},"line":20},"2":{"name":"(anonymous_2)","decl":{"start":{"line":36,"column":2},"end":{"line":36,"column":3}},"loc":{"start":{"line":36,"column":41},"end":{"line":49,"column":3}},"line":36},"3":{"name":"(anonymous_3)","decl":{"start":{"line":51,"column":2},"end":{"line":51,"column":3}},"loc":{"start":{"line":51,"column":52},"end":{"line":66,"column":3}},"line":51},"4":{"name":"(anonymous_4)","decl":{"start":{"line":68,"column":2},"end":{"line":68,"column":3}},"loc":{"start":{"line":68,"column":38},"end":{"line":82,"column":3}},"line":68},"5":{"name":"(anonymous_5)","decl":{"start":{"line":84,"column":2},"end":{"line":84,"column":3}},"loc":{"start":{"line":84,"column":52},"end":{"line":98,"column":3}},"line":84},"6":{"name":"(anonymous_6)","decl":{"start":{"line":100,"column":2},"end":{"line":100,"column":3}},"loc":{"start":{"line":100,"column":50},"end":{"line":114,"column":3}},"line":100},"7":{"name":"(anonymous_7)","decl":{"start":{"line":116,"column":2},"end":{"line":116,"column":3}},"loc":{"start":{"line":116,"column":56},"end":{"line":130,"column":3}},"line":116}},"branchMap":{"0":{"loc":{"start":{"line":13,"column":17},"end":{"line":13,"column":40}},"type":"binary-expr","locations":[{"start":{"line":13,"column":17},"end":{"line":13,"column":33}},{"start":{"line":13,"column":37},"end":{"line":13,"column":40}}],"line":13},"1":{"loc":{"start":{"line":15,"column":17},"end":{"line":15,"column":56}},"type":"binary-expr","locations":[{"start":{"line":15,"column":17},"end":{"line":15,"column":30}},{"start":{"line":15,"column":34},"end":{"line":15,"column":56}}],"line":15},"2":{"loc":{"start":{"line":29,"column":17},"end":{"line":29,"column":40}},"type":"binary-expr","locations":[{"start":{"line":29,"column":17},"end":{"line":29,"column":33}},{"start":{"line":29,"column":37},"end":{"line":29,"column":40}}],"line":29},"3":{"loc":{"start":{"line":31,"column":17},"end":{"line":31,"column":61}},"type":"binary-expr","locations":[{"start":{"line":31,"column":17},"end":{"line":31,"column":30}},{"start":{"line":31,"column":34},"end":{"line":31,"column":61}}],"line":31},"4":{"loc":{"start":{"line":44,"column":17},"end":{"line":44,"column":40}},"type":"binary-expr","locations":[{"start":{"line":44,"column":17},"end":{"line":44,"column":33}},{"start":{"line":44,"column":37},"end":{"line":44,"column":40}}],"line":44},"5":{"loc":{"start":{"line":46,"column":17},"end":{"line":46,"column":56}},"type":"binary-expr","locations":[{"start":{"line":46,"column":17},"end":{"line":46,"column":30}},{"start":{"line":46,"column":34},"end":{"line":46,"column":56}}],"line":46},"6":{"loc":{"start":{"line":61,"column":17},"end":{"line":61,"column":40}},"type":"binary-expr","locations":[{"start":{"line":61,"column":17},"end":{"line":61,"column":33}},{"start":{"line":61,"column":37},"end":{"line":61,"column":40}}],"line":61},"7":{"loc":{"start":{"line":63,"column":17},"end":{"line":63,"column":66}},"type":"binary-expr","locations":[{"start":{"line":63,"column":17},"end":{"line":63,"column":30}},{"start":{"line":63,"column":34},"end":{"line":63,"column":66}}],"line":63},"8":{"loc":{"start":{"line":77,"column":17},"end":{"line":77,"column":40}},"type":"binary-expr","locations":[{"start":{"line":77,"column":17},"end":{"line":77,"column":33}},{"start":{"line":77,"column":37},"end":{"line":77,"column":40}}],"line":77},"9":{"loc":{"start":{"line":79,"column":17},"end":{"line":79,"column":59}},"type":"binary-expr","locations":[{"start":{"line":79,"column":17},"end":{"line":79,"column":30}},{"start":{"line":79,"column":34},"end":{"line":79,"column":59}}],"line":79},"10":{"loc":{"start":{"line":93,"column":17},"end":{"line":93,"column":40}},"type":"binary-expr","locations":[{"start":{"line":93,"column":17},"end":{"line":93,"column":33}},{"start":{"line":93,"column":37},"end":{"line":93,"column":40}}],"line":93},"11":{"loc":{"start":{"line":95,"column":17},"end":{"line":95,"column":66}},"type":"binary-expr","locations":[{"start":{"line":95,"column":17},"end":{"line":95,"column":30}},{"start":{"line":95,"column":34},"end":{"line":95,"column":66}}],"line":95},"12":{"loc":{"start":{"line":109,"column":17},"end":{"line":109,"column":40}},"type":"binary-expr","locations":[{"start":{"line":109,"column":17},"end":{"line":109,"column":33}},{"start":{"line":109,"column":37},"end":{"line":109,"column":40}}],"line":109},"13":{"loc":{"start":{"line":111,"column":17},"end":{"line":111,"column":77}},"type":"binary-expr","locations":[{"start":{"line":111,"column":17},"end":{"line":111,"column":30}},{"start":{"line":111,"column":34},"end":{"line":111,"column":77}}],"line":111},"14":{"loc":{"start":{"line":121,"column":17},"end":{"line":121,"column":71}},"type":"cond-expr","locations":[{"start":{"line":121,"column":37},"end":{"line":121,"column":51}},{"start":{"line":121,"column":54},"end":{"line":121,"column":71}}],"line":121},"15":{"loc":{"start":{"line":125,"column":17},"end":{"line":125,"column":40}},"type":"binary-expr","locations":[{"start":{"line":125,"column":17},"end":{"line":125,"column":33}},{"start":{"line":125,"column":37},"end":{"line":125,"column":40}}],"line":125},"16":{"loc":{"start":{"line":127,"column":17},"end":{"line":127,"column":79}},"type":"binary-expr","locations":[{"start":{"line":127,"column":17},"end":{"line":127,"column":30}},{"start":{"line":127,"column":34},"end":{"line":127,"column":79}}],"line":127}},"s":{"0":1,"1":0,"2":0,"3":0,"4":0,"5":0,"6":0,"7":0,"8":0,"9":0,"10":0,"11":0,"12":0,"13":0,"14":0,"15":0,"16":0,"17":0,"18":0,"19":0,"20":0,"21":0,"22":0,"23":0,"24":0,"25":0,"26":0,"27":0,"28":0,"29":0,"30":0,"31":0,"32":0,"33":1},"f":{"0":0,"1":0,"2":0,"3":0,"4":0,"5":0,"6":0,"7":0},"b":{"0":[0,0],"1":[0,0],"2":[0,0],"3":[0,0],"4":[0,0],"5":[0,0],"6":[0,0],"7":[0,0],"8":[0,0],"9":[0,0],"10":[0,0],"11":[0,0],"12":[0,0],"13":[0,0],"14":[0,0],"15":[0,0],"16":[0,0]},"_coverageSchema":"1a1c01bbd47fc00a2c39e90264f33305004495a9","hash":"224d131052123ece953ba82542733a54161a0efe"}
[...]
column":42}}],"line":203},"19":{"loc":{"start":{"line":209,"column":4},"end":{"line":212,"column":5}},"type":"if","locations":[{"start":{"line":209,"column":4},"end":{"line":212,"column":5}},{"start":{},"end":{}}],"line":209},"20":{"loc":{"start":{"line":214,"column":4},"end":{"line":218,"column":5}},"type":"if","locations":[{"start":{"line":214,"column":4},"end":{"line":218,"column":5}},{"start":{"line":216,"column":11},"end":{"line":218,"column":5}}],"line":214},"21":{"loc":{"start":{"line":216,"column":11},"end":{"line":218,"column":5}},"type":"if","locations":[{"start":{"line":216,"column":11},"end":{"line":218,"column":5}},{"start":{},"end":{}}],"line":216},"22":{"loc":{"start":{"line":220,"column":4},"end":{"line":228,"column":5}},"type":"if","locations":[{"start":{"line":220,"column":4},"end":{"line":228,"column":5}},{"start":{},"end":{}}],"line":220},"23":{"loc":{"start":{"line":230,"column":4},"end":{"line":236,"column":5}},"type":"if","locations":[{"start":{"line":230,"column":4},"end":{"line":236,"column":5}},{"start":{},"end":{}}],"line":230},"24":{"loc":{"start":{"line":238,"column":4},"end":{"line":244,"column":5}},"type":"if","locations":[{"start":{"line":238,"column":4},"end":{"line":244,"column":5}},{"start":{},"end":{}}],"line":238},"25":{"loc":{"start":{"line":246,"column":24},"end":{"line":246,"column":84}},"type":"cond-expr","locations":[{"start":{"line":246,"column":44},"end":{"line":246,"column":79}},{"start":{"line":246,"column":82},"end":{"line":246,"column":84}}],"line":246},"26":{"loc":{"start":{"line":297,"column":15},"end":{"line":297,"column":46}},"type":"binary-expr","locations":[{"start":{"line":297,"column":15},"end":{"line":297,"column":41}},{"start":{"line":297,"column":45},"end":{"line":297,"column":46}}],"line":297},"27":{"loc":{"start":{"line":298,"column":21},"end":{"line":298,"column":78}},"type":"binary-expr","locations":[{"start":{"line":298,"column":21},"end":{"line":298,"column":73}},{"start":{"line":298,"column":77},"end":{"line":298,"column":78}}],"line":298},"28":{"loc":{"start":{"line":298,"column":32},"end":{"line":298,"column":63}},"type":"binary-expr","locations":[{"start":{"line":298,"column":32},"end":{"line":298,"column":58}},{"start":{"line":298,"column":62},"end":{"line":298,"column":63}}],"line":298},"29":{"loc":{"start":{"line":304,"column":24},"end":{"line":304,"column":39}},"type":"binary-expr","locations":[{"start":{"line":304,"column":24},"end":{"line":304,"column":34}},{"start":{"line":304,"column":38},"end":{"line":304,"column":39}}],"line":304},"30":{"loc":{"start":{"line":305,"column":25},"end":{"line":305,"column":42}},"type":"binary-expr","locations":[{"start":{"line":305,"column":25},"end":{"line":305,"column":36}},{"start":{"line":305,"column":40},"end":{"line":305,"column":42}}],"line":305},"31":{"loc":{"start":{"line":311,"column":4},"end":{"line":314,"column":5}},"type":"if","locations":[{"start":{"line":311,"column":4},"end":{"line":314,"column":5}},{"start":{},"end":{}}],"line":311},"32":{"loc":{"start":{"line":316,"column":4},"end":{"line":319,"column":5}},"type":"if","locations":[{"start":{"line":316,"column":4},"end":{"line":319,"column":5}},{"start":{},"end":{}}],"line":316},"33":{"loc":{"start":{"line":321,"column":24},"end":{"line":321,"column":84}},"type":"cond-expr","locations":[{"start":{"line":321,"column":44},"end":{"line":321,"column":79}},{"start":{"line":321,"column":82},"end":{"line":321,"column":84}}],"line":321},"34":{"loc":{"start":{"line":360,"column":15},"end":{"line":360,"column":46}},"type":"binary-expr","locations":[{"start":{"line":360,"column":15},"end":{"line":360,"column":41}},{"start":{"line":360,"column":45},"end":{"line":360,"column":46}}],"line":360},"35":{"loc":{"start":{"line":361,"column":21},"end":{"line":361,"column":78}},"type":"binary-expr","locations":[{"start":{"line":361,"column":21},"end":{"line":361,"column":73}},{"start":{"line":361,"column":77},"end":{"line":361,"column":78}}],"line":361},"36":{"loc":{"start":{"line":361,"column":32},"end":{"line":361,"column":63}},"type":"binary-expr","locations":[{"start":{"line":361,"column":32},"end":{"line":361,"column":58}},{"start":{"line":361,"column":62},"end":{"line":361,"column":63}}],"line":361},"37":{"loc":{"start":{"line":375,"column":28},"end":{"line":375,"column":57}},"type":"binary-expr","locations":[{"start":{"line":375,"column":28},"end":{"line":375,"column":49}},{"start":{"line":375,"column":53},"end":{"line":375,"column":57}}],"line":375},"38":{"loc":{"start":{"line":378,"column":6},"end":{"line":381,"column":7}},"type":"if","locations":[{"start":{"line":378,"column":6},"end":{"line":381,"column":7}},{"start":{},"end":{}}],"line":378}},"s":{"0":1,"1":0,"2":0,"3":0,"4":0,"5":0,"6":0,"7":0,"8":0,"9":0,"10":0,"11":0,"12":0,"13":0,"14":0,"15":0,"16":0,"17":0,"18":0,"19":0,"20":0,"21":0,"22":0,"23":0,"24":0,"25":0,"26":0,"27":0,"28":0,"29":0,"30":0,"31":0,"32":0,"33":0,"34":0,"35":0,"36":0,"37":0,"38":0,"39":0,"40":0,"41":0,"42":0,"43":0,"44":0,"45":0,"46":0,"47":0,"48":0,"49":0,"50":0,"51":0,"52":0,"53":0,"54":0,"55":0,"56":0,"57":0,"58":0,"59":0,"60":0,"61":0,"62":0,"63":0,"64":0,"65":0,"66":0,"67":0,"68":0,"69":0,"70":0,"71":0,"72":0,"73":0,"74":0,"75":0,"76":0,"77":0,"78":0,"79":0,"80":0,"81":0,"82":0,"83":0,"84":0,"85":0,"86":0,"87":0,"88":0,"89":0,"90":0,"91":0,"92":0,"93":0,"94":0,"95":0,"96":0,"97":0,"98":0,"99":0,"100":0,"101":0,"102":0,"103":0,"104":0,"105":0,"106":0,"107":0,"108":0,"109":0,"110":0,"111":0,"112":0,"113":0,"114":0,"115":0,"116":0,"117":0,"118":0,"119":0,"120":1},"f":{"0":0,"1":0,"2":0,"3":0,"4":0,"5":0,"6":0,"7":0,"8":0,"9":0,"10":0},"b":{"0":[0,0],"1":[0,0],"2":[0],"3":[0,0],"4":[0,0],"5":[0,0],"6":[0,0],"7":[0,0],"8":[0,0],"9":[0,0],"10":[0,0],"11":[0,0],"12":[0,0],"13":[0,0],"14":[0,0],"15":[0,0],"16":[0,0],"17":[0,0],"18":[0,0],"19":[0,0],"20":[0,0],"21":[0,0],"22":[0,0],"23":[0,0],"24":[0,0],"25":[0,0],"26":[0,0],"27":[0,0],"28":[0,0],"29":[0,0],"30":[0,0],"31":[0,0],"32":[0,0],"33":[0,0],"34":[0,0],"35":[0,0],"36":[0,0],"37":[0,0],"38":[0,0]},"_coverageSchema":"1a1c01bbd47fc00a2c39e90264f33305004495a9","hash":"1a2f54cce62cc1148bcf9e3cd2d3673ad772d776"}
,"C:\\Users\\ADMIN\\Desktop\\BachKhoa\\Restaurant-management\\backend\\src\\models\\User.js": {"path":"C:\\Users\\ADMIN\\Desktop\\BachKhoa\\Restaurant-management\\backend\\src\\models\\User.js","statementMap":{"0":{"start":{"line":1,"column":13},"end":{"line":1,"column":42}},"1":{"start":{"line":2,"column":15},"end":{"line":2,"column":32}},"2":{"start":{"line":6,"column":19},"end":{"line":8,"column":6}},"3":{"start":{"line":9,"column":4},"end":{"line":9,"column":26}},"4":{"start":{"line":13,"column":19},"end":{"line":15,"column":6}},"5":{"start":{"line":16,"column":4},"end":{"line":16,"column":26}},"6":{"start":{"line":20,"column":19},"end":{"line":22,"column":6}},"7":{"start":{"line":23,"column":4},"end":{"line":23,"column":26}},"8":{"start":{"line":26,"column":19},"end":{"line":29,"column":5}},"9":{"start":{"line":30,"column":4},"end":{"line":30,"column":26}},"10":{"start":{"line":34,"column":65},"end":{"line":34,"column":73}},"11":{"start":{"line":35,"column":27},"end":{"line":35,"column":58}},"12":{"start":{"line":37,"column":19},"end":{"line":42,"column":5}},"13":{"start":{"line":44,"column":4},"end":{"line":44,"column":26}},"14":{"start":{"line":48,"column":4},"end":{"line":48,"column":58}},"15":{"start":{"line":52,"column":19},"end":{"line":55,"column":5}},"16":{"start":{"line":56,"column":4},"end":{"line":56,"column":34}},"17":{"start":{"line":60,"column":19},"end":{"line":63,"column":5}},"18":{"start":{"line":64,"column":4},"end":{"line":64,"column":34}},"19":{"start":{"line":67,"column":4},"end":{"line":69,"column":7}},"20":{"start":{"line":72,"column":19},"end":{"line":75,"column":5}},"21":{"start":{"line":76,"column":4},"end":{"line":76,"column":26}},"22":{"start":{"line":79,"column":19},"end":{"line":82,"column":5}},"23":{"start":{"line":83,"column":4},"end":{"line":83,"column":26}},"24":{"start":{"line":86,"column":27},"end":{"line":86,"column":61}},"25":{"start":{"line":87,"column":4},"end":{"line":90,"column":7}},"26":{"start":{"line":93,"column":4},"end":{"line":96,"column":6}},"27":{"start":{"line":99,"column":4},"end":{"line":99,"column":114}},"28":{"start":{"line":104,"column":4},"end":{"line":107,"column":6}},"29":{"start":{"line":111,"column":42},"end":{"line":111,"column":53}},"30":{"start":{"line":113,"column":19},"end":{"line":121,"column":5}},"31":{"start":{"line":123,"column":4},"end":{"line":123,"column":26}},"32":{"start":{"line":134,"column":8},"end":{"line":134,"column":15}},"33":{"start":{"line":136,"column":23},"end":{"line":136,"column":25}},"34":{"start":{"line":137,"column":19},"end":{"line":137,"column":21}},"35":{"start":{"line":139,"column":4},"end":{"line":149,"column":5}},"36":{"start":{"line":140,"column":22},"end":{"line":140,"column":42}},"37":{"start":{"line":141,"column":6},"end":{"line":141,"column":27}},"38":{"start":{"line":142,"column":18},"end":{"line":142,"column":31}},"39":{"start":{"line":143,"column":6},"end":{"line":148,"column":10}},"40":{"start":{"line":151,"column":4},"end":{"line":154,"column":5}},"41":{"start":{"line":152,"column":6},"end":{"line":152,"column":24}},"42":{"start":{"line":153,"column":6},"end":{"line":153,"column":52}},"43":{"start":{"line":156,"column":4},"end":{"line":159,"column":5}},"44":{"start":{"line":157,"column":6},"end":{"line":157,"column":39}},"45":{"start":{"line":158,"column":6},"end":{"line":158,"column":59}},"46":{"start":{"line":161,"column":4},"end":{"line":163,"column":5}},"47":{"start":{"line":162,"column":6},"end":{"line":162,"column":79}},"48":{"start":{"line":165,"column":4},"end":{"line":167,"column":5}},"49":{"start":{"line":166,"column":6},"end":{"line":166,"column":77}},"50":{"start":{"line":169,"column":24},"end":{"line":169,"column":84}},"51":{"start":{"line":170,"column":22},"end":{"line":170,"column":35}},"52":{"start":{"line":171,"column":21},"end":{"line":171,"column":33}},"53":{"start":{"line":172,"column":19},"end":{"line":172,"column":45}},"54":{"start":{"line":174,"column":23},"end":{"line":174,"column":53}},"55":{"start":{"line":175,"column":19},"end":{"line":203,"column":5}},"56":{"start":{"line":205,"column":24},"end":{"line":210,"column":5}},"57":{"start":{"line":212,"column":4},"end":{"line":215,"column":6}},"58":{"start":{"line":219,"column":19},"end":{"line":223,"column":5}},"59":{"start":{"line":225,"column":4},"end":{"line":225,"column":38}},"60":{"start":{"line":229,"column":19},"end":{"line":235,"column":5}},"61":{"start":{"line":237,"column":4},"end":{"line":237,"column":26}},"62":{"start":{"line":241,"column":19},"end":{"line":267,"column":5}},"63":{"start":{"line":269,"column":4},"end":{"line":269,"column":26}},"64":{"start":{"line":273,"column":4},"end":{"line":285,"column":5}},"65":{"start":{"line":274,"column":24},"end":{"line":274,"column":81}},"66":{"start":{"line":275,"column":21},"end":{"line":282,"column":7}},"67":{"start":{"line":284,"column":6},"end":{"line":284,"column":28}},"68":{"start":{"line":287,"column":19},"end":{"line":294,"column":5}},"69":{"start":{"line":296,"column":4},"end":{"line":296,"column":26}},"70":{"start":{"line":300,"column":0},"end":{"line":300,"column":22}}},"fnMap":{"0":{"name":"(anonymous_0)","decl":{"start":{"line":5,"column":2},"end":{"line":5,"column":3}},"loc":{"start":{"line":5,"column":32},"end":{"line":10,"column":3}},"line":5},"1":{"name":"(anonymous_1)","decl":{"start":{"line":12,"column":2},"end":{"line":12,"column":3}},"loc":{"start":{"line":12,"column":40},"end":{"line":17,"column":3}},"line":12},"2":{"name":"(anonymous_2)","decl":{"start":{"line":19,"column":2},"end":{"line":19,"column":3}},"loc":{"start":{"line":19,"column":34},"end":{"line":24,"column":3}},"line":19},"3":{"name":"(anonymous_3)","decl":{"start":{"line":25,"column":2},"end":{"line":25,"column":3}},"loc":{"start":{"line":25,"column":37},"end":{"line":31,"column":3}},"line":25},"4":{"name":"(anonymous_4)","decl":{"start":{"line":33,"column":2},"end":{"line":33,"column":3}},"loc":{"start":{"line":33,"column":32},"end":{"line":45,"column":3}},"line":33},"5":{"name":"(anonymous_5)","decl":{"start":{"line":47,"column":2},"end":{"line":47,"column":3}},"loc":{"start":{"line":47,"column":56},"end":{"line":49,"column":3}},"line":47},"6":{"name":"(anonymous_6)","decl":{"start":{"line":51,"column":2},"end":{"line":51,"column":3}},"loc":{"start":{"line":51,"column":42},"end":{"line":57,"column":3}},"line":51},"7":{"name":"(anonymous_7)","decl":{"start":{"line":59,"column":2},"end":{"line":59,"column":3}},"loc":{"start":{"line":59,"column":36},"end":{"line":65,"column":3}},"line":59},"8":{"name":"(anonymous_8)","decl":{"start":{"line":66,"column":2},"end":{"line":66,"column":3}},"loc":{"start":{"line":66,"column":39},"end":{"line":70,"column":3}},"line":66},"9":{"name":"(anonymous_9)","decl":{"start":{"line":71,"column":2},"end":{"line":71,"column":3}},"loc":{"start":{"line":71,"column":33},"end":{"line":77,"column":3}},"line":71},"10":{"name":"(anonymous_10)","decl":{"start":{"line":78,"column":2},"end":{"line":78,"column":3}},"loc":{"start":{"line":78,"column":40},"end":{"line":84,"column":3}},"line":78},"11":{"name":"(anonymous_11)","decl":{"start":{"line":85,"column":2},"end":{"line":85,"column":3}},"loc":{"start":{"line":85,"column":51},"end":{"line":91,"column":3}},"line":85},"12":{"name":"(anonymous_12)","decl":{"start":{"line":92,"column":2},"end":{"line":92,"column":3}},"loc":{"start":{"line":92,"column":50},"end":{"line":97,"column":3}},"line":92},"13":{"name":"(anonymous_13)","decl":{"start":{"line":98,"column":2},"end":{"line":98,"column":3}},"loc":{"start":{"line":98,"column":46},"end":{"line":100,"column":3}},"line":98},"14":{"name":"(anonymous_14)","decl":{"start":{"line":101,"column":2},"end":{"line":101,"column":3}},"loc":{"start":{"line":101,"column":47},"end":{"line":108,"column":3}},"line":101},"15":{"name":"(anonymous_15)","decl":{"start":{"line":110,"column":2},"end":{"line":110,"column":3}},"loc":{"start":{"line":110,"column":50},"end":{"line":124,"column":3}},"line":110},"16":{"name":"(anonymous_16)","decl":{"start":{"line":126,"column":2},"end":{"line":126,"column":3}},"loc":{"start":{"line":126,"column":46},"end":{"line":216,"column":3}},"line":126},"17":{"name":"(anonymous_17)","decl":{"start":{"line":218,"column":2},"end":{"line":218,"column":3}},"loc":{"start":{"line":218,"column":29},"end":{"line":226,"column":3}},"line":218},"18":{"name":"(anonymous_18)","decl":{"start":{"line":228,"column":2},"end":{"line":228,"column":3}},"loc":{"start":{"line":228,"column":44},"end":{"line":238,"column":3}},"line":228},"19":{"name":"(anonymous_19)","decl":{"start":{"line":240,"column":2},"end":{"line":240,"column":3}},"loc":{"start":{"line":240,"column":40},"end":{"line":270,"column":3}},"line":240},"20":{"name":"(anonymous_20)","decl":{"start":{"line":272,"column":2},"end":{"line":272,"column":3}},"loc":{"start":{"line":272,"column":67},"end":{"line":297,"column":3}},"line":272}},"branchMap":{"0":{"loc":{"start":{"line":41,"column":57},"end":{"line":41,"column":75}},"type":"binary-expr","locations":[{"start":{"line":41,"column":57},"end":{"line":41,"column":61}},{"start":{"line":41,"column":65},"end":{"line":41,"column":75}}],"line":41},"1":{"loc":{"start":{"line":126,"column":32},"end":{"line":126,"column":44}},"type":"default-arg","locations":[{"start":{"line":126,"column":42},"end":{"line":126,"column":44}}],"line":126},"2":{"loc":{"start":{"line":128,"column":6},"end":{"line":128,"column":17}},"type":"default-arg","locations":[{"start":{"line":128,"column":15},"end":{"line":128,"column":17}}],"line":128},"3":{"loc":{"start":{"line":129,"column":6},"end":{"line":129,"column":18}},"type":"default-arg","locations":[{"start":{"line":129,"column":13},"end":{"line":129,"column":18}}],"line":129},"4":{"loc":{"start":{"line":130,"column":6},"end":{"line":130,"column":22}},"type":"default-arg","locations":[{"start":{"line":130,"column":17},"end":{"line":130,"column":22}}],"line":130},"5":{"loc":{"start":{"line":131,"column":6},"end":{"line":131,"column":20}},"type":"default-arg","locations":[{"start":{"line":131,"column":15},"end":{"line":131,"column":20}}],"line":131},"6":{"loc":{"start":{"line":132,"column":6},"end":{"line":132,"column":14}},"type":"default-arg","locations":[{"start":{"line":132,"column":13},"end":{"line":132,"column":14}}],"line":132},"7":{"loc":{"start":{"line":133,"column":6},"end":{"line":133,"column":16}},"type":"default-arg","locations":[{"start":{"line":133,"column":14},"end":{"line":133,"column":16}}],"line":133},"8":{"loc":{"start":{"line":139,"column":4},"end":{"line":149,"column":5}},"type":"if","locations":[{"start":{"line":139,"column":4},"end":{"line":149,"column":5}},{"start":{},"end":{}}],"line":139},"9":{"loc":{"start":{"line":139,"column":8},"end":{"line":139,"column":31}},"type":"binary-expr","locations":[{"start":{"line":139,"column":8},"end":{"line":139,"column":14}},{"start":{"line":139,"column":18},"end":{"line":139,"column":31}}],"line":139},"10":{"loc":{"start":{"line":151,"column":4},"end":{"line":154,"column":5}},"type":"if","locations":[{"start":{"line":151,"column":4},"end":{"line":154,"column":5}},{"start":{},"end":{}}],"line":151},"11":{"loc":{"start":{"line":156,"column":4},"end":{"line":159,"column":5}},"type":"if","locations":[{"start":{"line":156,"column":4},"end":{"line":159,"column":5}},{"start":{},"end":{}}],"line":156},"12":{"loc":{"start":{"line":161,"column":4},"end":{"line":163,"column":5}},"type":"if","locations":[{"start":{"line":161,"column":4},"end":{"line":163,"column":5}},{"start":{},"end":{}}],"line":161},"13":{"loc":{"start":{"line":165,"column":4},"end":{"line":167,"column":5}},"type":"if","locations":[{"start":{"line":165,"column":4},"end":{"line":167,"column":5}},{"start":{},"end":{}}],"line":165},"14":{"loc":{"start":{"line":169,"column":24},"end":{"line":169,"column":84}},"type":"cond-expr","locations":[{"start":{"line":169,"column":44},"end":{"line":169,"column":79}},{"start":{"line":169,"column":82},"end":{"line":169,"column":84}}],"line":169},"15":{"loc":{"start":{"line":214,"column":13},"end":{"line":214,"column":44}},"type":"binary-expr","locations":[{"start":{"line":214,"column":13},"end":{"line":214,"column":39}},{"start":{"line":214,"column":43},"end":{"line":214,"column":44}}],"line":214},"16":{"loc":{"start":{"line":225,"column":11},"end":{"line":225,"column":37}},"type":"binary-expr","locations":[{"start":{"line":225,"column":11},"end":{"line":225,"column":32}},{"start":{"line":225,"column":36},"end":{"line":225,"column":37}}],"line":225},"17":{"loc":{"start":{"line":272,"column":51},"end":{"line":272,"column":65}},"type":"default-arg","locations":[{"start":{"line":272,"column":63},"end":{"line":272,"column":65}}],"line":272},"18":{"loc":{"start":{"line":273,"column":4},"end":{"line":285,"column":5}},"type":"if","locations":[{"start":{"line":273,"column":4},"end":{"line":285,"column":5}},{"start":{},"end":{}}],"line":273}},"s":{"0":1,"1":1,"2":0,"3":0,"4":0,"5":0,"6":0,"7":0,"8":0,"9":0,"10":0,"11":0,"12":0,"13":0,"14":0,"15":0,"16":0,"17":0,"18":0,"19":0,"20":0,"21":0,"22":0,"23":0,"24":0,"25":0,"26":0,"27":0,"28":0,"29":0,"30":0,"31":0,"32":0,"33":0,"34":0,"35":0,"36":0,"37":0,"38":0,"39":0,"40":0,"41":0,"42":0,"43":0,"44":0,"45":0,"46":0,"47":0,"48":0,"49":0,"50":0,"51":0,"52":0,"53":0,"54":0,"55":0,"56":0,"57":0,"58":0,"59":0,"60":0,"61":0,"62":0,"63":0,"64":0,"65":0,"66":0,"67":0,"68":0,"69":0,"70":1},"f":{"0":0,"1":0,"2":0,"3":0,"4":0,"5":0,"6":0,"7":0,"8":0,"9":0,"10":0,"11":0,"12":0,"13":0,"14":0,"15":0,"16":0,"17":0,"18":0,"19":0,"20":0},"b":{"0":[0,0],"1":[0],"2":[0],"3":[0],"4":[0],"5":[0],"6":[0],"7":[0],"8":[0,0],"9":[0,0],"10":[0,0],"11":[0,0],"12":[0,0],"13":[0,0],"14":[0,0],"15":[0,0],"16":[0,0],"17":[0],"18":[0,0]},"_coverageSchema":"1a1c01bbd47fc00a2c39e90264f33305004495a9","hash":"47dcbfbbe15a948a4e3005b37b2d8c6564c4e31a"}
}
