TN:
SF:src\controllers\authController.js
FN:8,(anonymous_0)
FN:30,(anonymous_1)
FN:55,(anonymous_2)
FN:96,(anonymous_3)
FN:132,(anonymous_4)
FN:159,(anonymous_5)
FN:184,(anonymous_6)
FN:186,(anonymous_7)
FN:212,(anonymous_8)
FN:243,(anonymous_9)
FN:266,(anonymous_10)
FNF:11
FNH:0
FNDA:0,(anonymous_0)
FNDA:0,(anonymous_1)
FNDA:0,(anonymous_2)
FNDA:0,(anonymous_3)
FNDA:0,(anonymous_4)
FNDA:0,(anonymous_5)
FNDA:0,(anonymous_6)
FNDA:0,(anonymous_7)
FNDA:0,(anonymous_8)
FNDA:0,(anonymous_9)
FNDA:0,(anonymous_10)
DA:1,1
DA:9,0
DA:10,0
DA:11,0
DA:13,0
DA:19,0
DA:31,0
DA:32,0
DA:33,0
DA:34,0
DA:35,0
DA:36,0
DA:39,0
DA:45,0
DA:56,0
DA:57,0
DA:59,0
DA:60,0
DA:61,0
DA:67,0
DA:68,0
DA:74,0
DA:76,0
DA:85,0
DA:97,0
DA:98,0
DA:99,0
DA:102,0
DA:103,0
DA:104,0
DA:106,0
DA:122,0
DA:133,0
DA:134,0
DA:138,0
DA:140,0
DA:141,0
DA:143,0
DA:148,0
DA:160,0
DA:161,0
DA:163,0
DA:169,0
DA:174,0
DA:185,0
DA:186,0
DA:187,0
DA:188,0
DA:194,0
DA:195,0
DA:201,0
DA:213,0
DA:214,0
DA:215,0
DA:217,0
DA:232,0
DA:244,0
DA:245,0
DA:255,0
DA:267,0
DA:268,0
DA:269,0
DA:271,0
DA:272,0
DA:275,0
DA:291,0
DA:299,1
LF:67
LH:2
BRDA:34,0,0,0
BRDA:34,0,1,0
BRDA:34,1,0,0
BRDA:34,1,1,0
BRDA:60,2,0,0
BRDA:60,2,1,0
BRDA:67,3,0,0
BRDA:67,3,1,0
BRDA:67,4,0,0
BRDA:67,4,1,0
BRDA:187,5,0,0
BRDA:187,5,1,0
BRDA:194,6,0,0
BRDA:194,6,1,0
BRDA:244,7,0,0
BRDA:244,7,1,0
BRDA:244,8,0,0
BRDA:244,8,1,0
BRDA:271,9,0,0
BRDA:271,9,1,0
BRF:20
BRH:0
end_of_record
TN:
SF:src\controllers\cartController.js
FN:4,(anonymous_0)
FN:14,(anonymous_1)
FN:39,(anonymous_2)
FN:79,(anonymous_3)
FN:119,(anonymous_4)
FN:156,(anonymous_5)
FN:182,(anonymous_6)
FN:222,(anonymous_7)
FNF:8
FNH:0
FNDA:0,(anonymous_0)
FNDA:0,(anonymous_1)
FNDA:0,(anonymous_2)
FNDA:0,(anonymous_3)
FNDA:0,(anonymous_4)
FNDA:0,(anonymous_5)
FNDA:0,(anonymous_6)
FNDA:0,(anonymous_7)
DA:1,1
DA:5,0
DA:6,0
DA:7,0
DA:15,0
DA:16,0
DA:18,0
DA:20,0
DA:25,0
DA:26,0
DA:40,0
DA:41,0
DA:42,0
DA:44,0
DA:45,0
DA:51,0
DA:59,0
DA:65,0
DA:66,0
DA:80,0
DA:81,0
DA:82,0
DA:83,0
DA:85,0
DA:86,0
DA:92,0
DA:100,0
DA:106,0
DA:107,0
DA:120,0
DA:121,0
DA:122,0
DA:124,0
DA:125,0
DA:131,0
DA:137,0
DA:143,0
DA:144,0
DA:157,0
DA:158,0
DA:160,0
DA:162,0
DA:168,0
DA:169,0
DA:183,0
DA:184,0
DA:185,0
DA:187,0
DA:188,0
DA:194,0
DA:195,0
DA:201,0
DA:203,0
DA:209,0
DA:210,0
DA:223,0
DA:224,0
DA:226,0
DA:228,0
DA:233,0
DA:234,0
DA:243,1
LF:62
LH:2
BRDA:5,0,0,0
BRDA:5,0,1,0
BRDA:6,1,0,0
BRDA:6,1,1,0
BRDA:44,2,0,0
BRDA:44,2,1,0
BRDA:55,3,0,0
BRDA:55,3,1,0
BRDA:56,4,0,0
BRDA:56,4,1,0
BRDA:68,5,0,0
BRDA:68,5,1,0
BRDA:85,6,0,0
BRDA:85,6,1,0
BRDA:109,7,0,0
BRDA:109,7,1,0
BRDA:124,8,0,0
BRDA:124,8,1,0
BRDA:146,9,0,0
BRDA:146,9,1,0
BRDA:187,10,0,0
BRDA:187,10,1,0
BRDA:194,11,0,0
BRDA:194,11,1,0
BRF:24
BRH:0
end_of_record
TN:
SF:src\controllers\menuController.js
FN:8,(anonymous_0)
FN:27,(anonymous_1)
FN:55,(anonymous_2)
FN:108,(anonymous_3)
FN:128,(anonymous_4)
FN:154,(anonymous_5)
FN:174,(anonymous_6)
FN:200,(anonymous_7)
FN:235,(anonymous_8)
FN:261,(anonymous_9)
FN:288,(anonymous_10)
FN:324,(anonymous_11)
FN:344,(anonymous_12)
FN:370,(anonymous_13)
FN:397,(anonymous_14)
FN:417,(anonymous_15)
FN:438,(anonymous_16)
FNF:17
FNH:0
FNDA:0,(anonymous_0)
FNDA:0,(anonymous_1)
FNDA:0,(anonymous_2)
FNDA:0,(anonymous_3)
FNDA:0,(anonymous_4)
FNDA:0,(anonymous_5)
FNDA:0,(anonymous_6)
FNDA:0,(anonymous_7)
FNDA:0,(anonymous_8)
FNDA:0,(anonymous_9)
FNDA:0,(anonymous_10)
FNDA:0,(anonymous_11)
FNDA:0,(anonymous_12)
FNDA:0,(anonymous_13)
FNDA:0,(anonymous_14)
FNDA:0,(anonymous_15)
FNDA:0,(anonymous_16)
DA:1,1
DA:9,0
DA:10,0
DA:11,0
DA:16,0
DA:28,0
DA:29,0
DA:31,0
DA:32,0
DA:38,0
DA:39,0
DA:44,0
DA:56,0
DA:57,0
DA:91,0
DA:92,0
DA:97,0
DA:109,0
DA:110,0
DA:111,0
DA:112,0
DA:117,0
DA:129,0
DA:130,0
DA:131,0
DA:132,0
DA:137,0
DA:138,0
DA:143,0
DA:155,0
DA:156,0
DA:157,0
DA:163,0
DA:175,0
DA:176,0
DA:177,0
DA:178,0
DA:183,0
DA:184,0
DA:189,0
DA:201,0
DA:202,0
DA:203,0
DA:205,0
DA:206,0
DA:212,0
DA:213,0
DA:218,0
DA:219,0
DA:224,0
DA:236,0
DA:237,0
DA:238,0
DA:239,0
DA:244,0
DA:245,0
DA:250,0
DA:262,0
DA:263,0
DA:264,0
DA:265,0
DA:271,0
DA:272,0
DA:277,0
DA:289,0
DA:290,0
DA:291,0
DA:293,0
DA:294,0
DA:300,0
DA:301,0
DA:307,0
DA:308,0
DA:313,0
DA:325,0
DA:326,0
DA:327,0
DA:333,0
DA:345,0
DA:346,0
DA:347,0
DA:348,0
DA:353,0
DA:354,0
DA:359,0
DA:371,0
DA:372,0
DA:373,0
DA:374,0
DA:380,0
DA:381,0
DA:386,0
DA:398,0
DA:399,0
DA:400,0
DA:406,0
DA:418,0
DA:419,0
DA:420,0
DA:421,0
DA:426,0
DA:427,0
DA:432,0
DA:439,0
DA:440,0
DA:441,0
DA:442,0
DA:447,0
DA:449,0
DA:451,0
DA:457,0
DA:465,1
LF:112
LH:2
BRDA:31,0,0,0
BRDA:31,0,1,0
BRDA:59,1,0,0
BRDA:59,1,1,0
BRDA:63,2,0,0
BRDA:63,2,1,0
BRDA:67,3,0,0
BRDA:67,3,1,0
BRDA:71,4,0,0
BRDA:71,4,1,0
BRDA:75,5,0,0
BRDA:75,5,1,0
BRDA:79,6,0,0
BRDA:79,6,1,0
BRDA:82,7,0,0
BRDA:82,7,1,0
BRDA:85,8,0,0
BRDA:85,8,1,0
BRDA:86,9,0,0
BRDA:86,9,1,0
BRDA:87,10,0,0
BRDA:87,10,1,0
BRDA:88,11,0,0
BRDA:88,11,1,0
BRDA:137,12,0,0
BRDA:137,12,1,0
BRDA:183,13,0,0
BRDA:183,13,1,0
BRDA:205,14,0,0
BRDA:205,14,1,0
BRDA:218,15,0,0
BRDA:218,15,1,0
BRDA:244,16,0,0
BRDA:244,16,1,0
BRDA:271,17,0,0
BRDA:271,17,1,0
BRDA:293,18,0,0
BRDA:293,18,1,0
BRDA:293,19,0,0
BRDA:293,19,1,0
BRDA:307,20,0,0
BRDA:307,20,1,0
BRDA:353,21,0,0
BRDA:353,21,1,0
BRDA:380,22,0,0
BRDA:380,22,1,0
BRDA:426,23,0,0
BRDA:426,23,1,0
BRDA:441,24,0,0
BRDA:441,24,1,0
BRF:50
BRH:0
end_of_record
TN:
SF:src\controllers\orderController.js
FN:4,(anonymous_0)
FN:10,(anonymous_1)
FN:39,(anonymous_2)
FN:68,(anonymous_3)
FN:88,(anonymous_4)
FN:108,(anonymous_5)
FN:137,(anonymous_6)
FN:164,(anonymous_7)
FN:192,(anonymous_8)
FN:221,(anonymous_9)
FN:254,(anonymous_10)
FNF:11
FNH:0
FNDA:0,(anonymous_0)
FNDA:0,(anonymous_1)
FNDA:0,(anonymous_2)
FNDA:0,(anonymous_3)
FNDA:0,(anonymous_4)
FNDA:0,(anonymous_5)
FNDA:0,(anonymous_6)
FNDA:0,(anonymous_7)
FNDA:0,(anonymous_8)
FNDA:0,(anonymous_9)
FNDA:0,(anonymous_10)
DA:1,1
DA:5,0
DA:6,0
DA:7,0
DA:11,0
DA:12,0
DA:13,0
DA:19,0
DA:21,0
DA:23,0
DA:29,0
DA:30,0
DA:31,0
DA:40,0
DA:41,0
DA:43,0
DA:44,0
DA:50,0
DA:52,0
DA:58,0
DA:59,0
DA:60,0
DA:69,0
DA:70,0
DA:72,0
DA:78,0
DA:79,0
DA:80,0
DA:89,0
DA:90,0
DA:92,0
DA:98,0
DA:99,0
DA:100,0
DA:109,0
DA:110,0
DA:112,0
DA:113,0
DA:119,0
DA:121,0
DA:127,0
DA:128,0
DA:129,0
DA:138,0
DA:139,0
DA:140,0
DA:141,0
DA:147,0
DA:149,0
DA:154,0
DA:155,0
DA:156,0
DA:165,0
DA:166,0
DA:167,0
DA:168,0
DA:174,0
DA:176,0
DA:182,0
DA:183,0
DA:184,0
DA:193,0
DA:194,0
DA:195,0
DA:196,0
DA:202,0
DA:203,0
DA:205,0
DA:211,0
DA:212,0
DA:213,0
DA:222,0
DA:223,0
DA:224,0
DA:225,0
DA:231,0
DA:232,0
DA:238,0
DA:244,0
DA:245,0
DA:246,0
DA:255,0
DA:256,0
DA:257,0
DA:258,0
DA:264,0
DA:266,0
DA:272,0
DA:273,0
DA:274,0
DA:283,1
LF:91
LH:2
BRDA:5,0,0,0
BRDA:5,0,1,0
BRDA:6,1,0,0
BRDA:6,1,1,0
BRDA:12,2,0,0
BRDA:12,2,1,0
BRDA:29,3,0,0
BRDA:29,3,1,0
BRDA:33,4,0,0
BRDA:33,4,1,0
BRDA:43,5,0,0
BRDA:43,5,1,0
BRDA:58,6,0,0
BRDA:58,6,1,0
BRDA:62,7,0,0
BRDA:62,7,1,0
BRDA:78,8,0,0
BRDA:78,8,1,0
BRDA:82,9,0,0
BRDA:82,9,1,0
BRDA:98,10,0,0
BRDA:98,10,1,0
BRDA:102,11,0,0
BRDA:102,11,1,0
BRDA:112,12,0,0
BRDA:112,12,1,0
BRDA:127,13,0,0
BRDA:127,13,1,0
BRDA:131,14,0,0
BRDA:131,14,1,0
BRDA:140,15,0,0
BRDA:140,15,1,0
BRDA:154,16,0,0
BRDA:154,16,1,0
BRDA:158,17,0,0
BRDA:158,17,1,0
BRDA:167,18,0,0
BRDA:167,18,1,0
BRDA:182,19,0,0
BRDA:182,19,1,0
BRDA:186,20,0,0
BRDA:186,20,1,0
BRDA:195,21,0,0
BRDA:195,21,1,0
BRDA:202,22,0,0
BRDA:202,22,1,0
BRDA:211,23,0,0
BRDA:211,23,1,0
BRDA:215,24,0,0
BRDA:215,24,1,0
BRDA:224,25,0,0
BRDA:224,25,1,0
BRDA:244,26,0,0
BRDA:244,26,1,0
BRDA:248,27,0,0
BRDA:248,27,1,0
BRDA:257,28,0,0
BRDA:257,28,1,0
BRDA:272,29,0,0
BRDA:272,29,1,0
BRDA:276,30,0,0
BRDA:276,30,1,0
BRF:62
BRH:0
end_of_record
TN:
SF:src\controllers\reservationController.js
FN:6,(anonymous_0)
FN:12,(anonymous_1)
FN:47,(anonymous_2)
FN:87,(anonymous_3)
FN:106,(anonymous_4)
FN:134,(anonymous_5)
FN:161,(anonymous_6)
FN:181,(anonymous_7)
FN:212,(anonymous_8)
FNF:9
FNH:0
FNDA:0,(anonymous_0)
FNDA:0,(anonymous_1)
FNDA:0,(anonymous_2)
FNDA:0,(anonymous_3)
FNDA:0,(anonymous_4)
FNDA:0,(anonymous_5)
FNDA:0,(anonymous_6)
FNDA:0,(anonymous_7)
FNDA:0,(anonymous_8)
DA:1,1
DA:2,1
DA:3,1
DA:7,0
DA:8,0
DA:9,0
DA:13,0
DA:14,0
DA:15,0
DA:16,0
DA:17,0
DA:23,0
DA:29,0
DA:38,0
DA:39,0
DA:48,0
DA:49,0
DA:50,0
DA:53,0
DA:54,0
DA:55,0
DA:56,0
DA:57,0
DA:58,0
DA:68,0
DA:72,0
DA:78,0
DA:79,0
DA:88,0
DA:89,0
DA:90,0
DA:92,0
DA:97,0
DA:98,0
DA:107,0
DA:108,0
DA:109,0
DA:110,0
DA:112,0
DA:113,0
DA:119,0
DA:120,0
DA:125,0
DA:126,0
DA:135,0
DA:136,0
DA:137,0
DA:145,0
DA:152,0
DA:153,0
DA:162,0
DA:163,0
DA:164,0
DA:165,0
DA:171,0
DA:172,0
DA:182,0
DA:183,0
DA:184,0
DA:185,0
DA:186,0
DA:191,0
DA:192,0
DA:193,0
DA:198,0
DA:204,0
DA:205,0
DA:213,0
DA:214,0
DA:215,0
DA:216,0
DA:217,0
DA:222,0
DA:223,0
DA:224,0
DA:231,0
DA:232,0
DA:241,1
LF:78
LH:4
BRDA:7,0,0,0
BRDA:7,0,1,0
BRDA:8,1,0,0
BRDA:8,1,1,0
BRDA:16,2,0,0
BRDA:16,2,1,0
BRDA:41,3,0,0
BRDA:41,3,1,0
BRDA:53,4,0,0
BRDA:53,4,1,0
BRDA:57,5,0,0
BRDA:57,5,1,0
BRDA:81,6,0,0
BRDA:81,6,1,0
BRDA:100,7,0,0
BRDA:100,7,1,0
BRDA:112,8,0,0
BRDA:112,8,1,0
BRDA:128,9,0,0
BRDA:128,9,1,0
BRDA:155,10,0,0
BRDA:155,10,1,0
BRDA:174,11,0,0
BRDA:174,11,1,0
BRDA:185,12,0,0
BRDA:185,12,1,0
BRDA:192,13,0,0
BRDA:192,13,1,0
BRDA:207,14,0,0
BRDA:207,14,1,0
BRDA:216,15,0,0
BRDA:216,15,1,0
BRDA:232,16,0,0
BRDA:232,16,1,0
BRDA:234,17,0,0
BRDA:234,17,1,0
BRF:36
BRH:0
end_of_record
TN:
SF:src\controllers\restaurantInfoController.js
FN:4,(anonymous_0)
FN:21,(anonymous_1)
FN:39,(anonymous_2)
FNF:3
FNH:0
FNDA:0,(anonymous_0)
FNDA:0,(anonymous_1)
FNDA:0,(anonymous_2)
DA:1,1
DA:5,0
DA:6,0
DA:8,0
DA:13,0
DA:14,0
DA:22,0
DA:23,0
DA:25,0
DA:31,0
DA:32,0
DA:40,0
DA:41,0
DA:42,0
DA:44,0
DA:50,0
DA:51,0
DA:59,1
LF:18
LH:2
BRDA:13,0,0,0
BRDA:13,0,1,0
BRDA:16,1,0,0
BRDA:16,1,1,0
BRDA:31,2,0,0
BRDA:31,2,1,0
BRDA:34,3,0,0
BRDA:34,3,1,0
BRDA:50,4,0,0
BRDA:50,4,1,0
BRDA:53,5,0,0
BRDA:53,5,1,0
BRF:12
BRH:0
end_of_record
TN:
SF:src\controllers\reviewController.js
FN:4,(anonymous_0)
FN:20,(anonymous_1)
FN:36,(anonymous_2)
FN:51,(anonymous_3)
FN:68,(anonymous_4)
FN:84,(anonymous_5)
FN:100,(anonymous_6)
FN:116,(anonymous_7)
FNF:8
FNH:0
FNDA:0,(anonymous_0)
FNDA:0,(anonymous_1)
FNDA:0,(anonymous_2)
FNDA:0,(anonymous_3)
FNDA:0,(anonymous_4)
FNDA:0,(anonymous_5)
FNDA:0,(anonymous_6)
FNDA:0,(anonymous_7)
DA:1,1
DA:5,0
DA:6,0
DA:7,0
DA:13,0
DA:21,0
DA:22,0
DA:23,0
DA:29,0
DA:37,0
DA:38,0
DA:39,0
DA:44,0
DA:52,0
DA:53,0
DA:54,0
DA:61,0
DA:69,0
DA:70,0
DA:71,0
DA:77,0
DA:85,0
DA:86,0
DA:87,0
DA:93,0
DA:101,0
DA:102,0
DA:103,0
DA:109,0
DA:117,0
DA:118,0
DA:119,0
DA:125,0
DA:133,1
LF:34
LH:2
BRDA:13,0,0,0
BRDA:13,0,1,0
BRDA:15,1,0,0
BRDA:15,1,1,0
BRDA:29,2,0,0
BRDA:29,2,1,0
BRDA:31,3,0,0
BRDA:31,3,1,0
BRDA:44,4,0,0
BRDA:44,4,1,0
BRDA:46,5,0,0
BRDA:46,5,1,0
BRDA:61,6,0,0
BRDA:61,6,1,0
BRDA:63,7,0,0
BRDA:63,7,1,0
BRDA:77,8,0,0
BRDA:77,8,1,0
BRDA:79,9,0,0
BRDA:79,9,1,0
BRDA:93,10,0,0
BRDA:93,10,1,0
BRDA:95,11,0,0
BRDA:95,11,1,0
BRDA:109,12,0,0
BRDA:109,12,1,0
BRDA:111,13,0,0
BRDA:111,13,1,0
BRDA:121,14,0,0
BRDA:121,14,1,0
BRDA:125,15,0,0
BRDA:125,15,1,0
BRDA:127,16,0,0
BRDA:127,16,1,0
BRF:34
BRH:0
end_of_record
TN:
SF:src\controllers\userAdminController.js
FN:4,(anonymous_0)
FN:21,(anonymous_1)
FN:44,(anonymous_2)
FNF:3
FNH:0
FNDA:0,(anonymous_0)
FNDA:0,(anonymous_1)
FNDA:0,(anonymous_2)
DA:1,1
DA:5,0
DA:6,0
DA:7,0
DA:13,0
DA:14,0
DA:22,0
DA:23,0
DA:30,0
DA:36,0
DA:37,0
DA:45,0
DA:46,0
DA:54,0
DA:60,0
DA:61,0
DA:69,1
LF:17
LH:2
BRDA:13,0,0,0
BRDA:13,0,1,0
BRDA:16,1,0,0
BRDA:16,1,1,0
BRDA:36,2,0,0
BRDA:36,2,1,0
BRDA:39,3,0,0
BRDA:39,3,1,0
BRDA:56,4,0,0
BRDA:56,4,1,0
BRDA:60,5,0,0
BRDA:60,5,1,0
BRDA:63,6,0,0
BRDA:63,6,1,0
BRF:14
BRH:0
end_of_record
TN:
SF:src\models\AdminActionLog.js
FN:4,(anonymous_0)
FNF:1
FNH:0
FNDA:0,(anonymous_0)
DA:1,1
DA:5,0
DA:18,0
DA:22,1
LF:4
LH:2
BRDA:4,0,0,0
BRDA:4,1,0,0
BRDA:4,2,0,0
BRDA:4,3,0,0
BRDA:13,4,0,0
BRDA:13,4,1,0
BRDA:14,5,0,0
BRDA:14,5,1,0
BRF:8
BRH:0
end_of_record
TN:
SF:src\models\Cart.js
FN:9,(anonymous_0)
FN:54,(anonymous_1)
FN:93,(anonymous_2)
FN:131,(anonymous_3)
FN:143,(anonymous_4)
FN:155,(anonymous_5)
FN:166,(anonymous_6)
FN:174,(anonymous_7)
FN:185,(anonymous_8)
FN:235,(anonymous_9)
FNF:10
FNH:0
FNDA:0,(anonymous_0)
FNDA:0,(anonymous_1)
FNDA:0,(anonymous_2)
FNDA:0,(anonymous_3)
FNDA:0,(anonymous_4)
FNDA:0,(anonymous_5)
FNDA:0,(anonymous_6)
FNDA:0,(anonymous_7)
FNDA:0,(anonymous_8)
FNDA:0,(anonymous_9)
DA:1,1
DA:10,0
DA:11,0
DA:12,0
DA:14,0
DA:15,0
DA:19,0
DA:20,0
DA:24,0
DA:25,0
DA:26,0
DA:30,0
DA:33,0
DA:34,0
DA:38,0
DA:41,0
DA:42,0
DA:44,0
DA:45,0
DA:47,0
DA:55,0
DA:87,0
DA:94,0
DA:95,0
DA:96,0
DA:98,0
DA:104,0
DA:105,0
DA:106,0
DA:112,0
DA:118,0
DA:119,0
DA:121,0
DA:122,0
DA:124,0
DA:132,0
DA:137,0
DA:144,0
DA:149,0
DA:156,0
DA:160,0
DA:167,0
DA:168,0
DA:175,0
DA:179,0
DA:186,0
DA:187,0
DA:188,0
DA:190,0
DA:195,0
DA:196,0
DA:201,0
DA:202,0
DA:210,0
DA:215,0
DA:222,0
DA:223,0
DA:225,0
DA:226,0
DA:228,0
DA:236,0
DA:246,0
DA:250,1
LF:63
LH:2
BRDA:9,0,0,0
BRDA:9,1,0,0
BRDA:14,2,0,0
BRDA:14,2,1,0
BRDA:19,3,0,0
BRDA:19,3,1,0
BRDA:25,4,0,0
BRDA:25,4,1,0
BRDA:33,5,0,0
BRDA:33,5,1,0
BRDA:93,6,0,0
BRDA:104,7,0,0
BRDA:104,7,1,0
BRDA:195,8,0,0
BRDA:195,8,1,0
BRDA:201,9,0,0
BRDA:201,9,1,0
BRF:17
BRH:0
end_of_record
TN:
SF:src\models\Mail.js
FN:8,(anonymous_0)
FN:24,(anonymous_1)
FN:40,(anonymous_2)
FN:47,(anonymous_3)
FN:50,(anonymous_4)
FNF:5
FNH:0
FNDA:0,(anonymous_0)
FNDA:0,(anonymous_1)
FNDA:0,(anonymous_2)
FNDA:0,(anonymous_3)
FNDA:0,(anonymous_4)
DA:1,1
DA:2,1
DA:3,1
DA:4,1
DA:9,0
DA:10,0
DA:11,0
DA:12,0
DA:13,0
DA:21,0
DA:25,0
DA:26,0
DA:27,0
DA:28,0
DA:29,0
DA:30,0
DA:36,0
DA:41,0
DA:45,0
DA:48,0
DA:51,0
DA:64,1
LF:22
LH:5
BRF:0
BRH:0
end_of_record
TN:
SF:src\models\Menu.js
FN:7,(anonymous_0)
FN:17,(anonymous_1)
FN:28,(anonymous_2)
FN:57,(anonymous_3)
FN:190,(anonymous_4)
FN:191,(anonymous_5)
FN:195,(anonymous_6)
FN:227,(anonymous_7)
FN:291,(anonymous_8)
FN:360,(anonymous_9)
FN:476,(anonymous_10)
FN:487,(anonymous_11)
FN:497,(anonymous_12)
FN:515,(anonymous_13)
FN:526,(anonymous_14)
FN:592,(anonymous_15)
FN:607,(anonymous_16)
FN:618,(anonymous_17)
FN:635,(anonymous_18)
FN:667,(anonymous_19)
FNF:20
FNH:0
FNDA:0,(anonymous_0)
FNDA:0,(anonymous_1)
FNDA:0,(anonymous_2)
FNDA:0,(anonymous_3)
FNDA:0,(anonymous_4)
FNDA:0,(anonymous_5)
FNDA:0,(anonymous_6)
FNDA:0,(anonymous_7)
FNDA:0,(anonymous_8)
FNDA:0,(anonymous_9)
FNDA:0,(anonymous_10)
FNDA:0,(anonymous_11)
FNDA:0,(anonymous_12)
FNDA:0,(anonymous_13)
FNDA:0,(anonymous_14)
FNDA:0,(anonymous_15)
FNDA:0,(anonymous_16)
FNDA:0,(anonymous_17)
FNDA:0,(anonymous_18)
FNDA:0,(anonymous_19)
DA:1,1
DA:8,0
DA:11,0
DA:18,0
DA:22,0
DA:43,0
DA:45,0
DA:46,0
DA:47,0
DA:49,0
DA:50,0
DA:51,0
DA:54,0
DA:56,0
DA:57,0
DA:59,0
DA:68,0
DA:70,0
DA:79,0
DA:83,0
DA:84,0
DA:85,0
DA:88,0
DA:89,0
DA:90,0
DA:93,0
DA:94,0
DA:95,0
DA:98,0
DA:99,0
DA:100,0
DA:103,0
DA:104,0
DA:107,0
DA:108,0
DA:112,0
DA:113,0
DA:114,0
DA:117,0
DA:118,0
DA:119,0
DA:123,0
DA:128,0
DA:129,0
DA:130,0
DA:132,0
DA:141,0
DA:143,0
DA:146,0
DA:149,0
DA:150,0
DA:152,0
DA:177,0
DA:178,0
DA:179,0
DA:180,0
DA:181,0
DA:188,0
DA:190,0
DA:191,0
DA:194,0
DA:195,0
DA:228,0
DA:251,0
DA:252,0
DA:254,0
DA:256,0
DA:262,0
DA:264,0
DA:307,0
DA:309,0
DA:310,0
DA:312,0
DA:318,0
DA:319,0
DA:320,0
DA:323,0
DA:339,0
DA:341,0
DA:343,0
DA:344,0
DA:345,0
DA:349,0
DA:350,0
DA:352,0
DA:353,0
DA:376,0
DA:378,0
DA:379,0
DA:381,0
DA:382,0
DA:383,0
DA:385,0
DA:386,0
DA:387,0
DA:389,0
DA:390,0
DA:391,0
DA:393,0
DA:394,0
DA:395,0
DA:397,0
DA:398,0
DA:399,0
DA:401,0
DA:402,0
DA:403,0
DA:405,0
DA:406,0
DA:408,0
DA:411,0
DA:413,0
DA:414,0
DA:415,0
DA:417,0
DA:418,0
DA:419,0
DA:421,0
DA:422,0
DA:423,0
DA:425,0
DA:426,0
DA:427,0
DA:429,0
DA:430,0
DA:431,0
DA:433,0
DA:434,0
DA:435,0
DA:437,0
DA:438,0
DA:439,0
DA:442,0
DA:443,0
DA:446,0
DA:447,0
DA:450,0
DA:451,0
DA:456,0
DA:458,0
DA:459,0
DA:460,0
DA:465,0
DA:466,0
DA:468,0
DA:469,0
DA:477,0
DA:481,0
DA:488,0
DA:491,0
DA:498,0
DA:500,0
DA:510,0
DA:512,0
DA:516,0
DA:520,0
DA:527,0
DA:528,0
DA:530,0
DA:531,0
DA:533,0
DA:534,0
DA:539,0
DA:540,0
DA:542,0
DA:543,0
DA:544,0
DA:553,0
DA:565,0
DA:573,0
DA:579,0
DA:580,0
DA:582,0
DA:583,0
DA:585,0
DA:593,0
DA:600,0
DA:601,0
DA:608,0
DA:612,0
DA:619,0
DA:621,0
DA:627,0
DA:629,0
DA:636,0
DA:638,0
DA:639,0
DA:640,0
DA:642,0
DA:643,0
DA:644,0
DA:646,0
DA:647,0
DA:648,0
DA:651,0
DA:652,0
DA:655,0
DA:658,0
DA:660,0
DA:661,0
DA:668,0
DA:672,0
DA:676,1
LF:203
LH:2
BRDA:28,0,0,0
BRDA:39,1,0,0
BRDA:40,2,0,0
BRDA:41,3,0,0
BRDA:42,4,0,0
BRDA:49,5,0,0
BRDA:49,5,1,0
BRDA:54,6,0,0
BRDA:54,6,1,0
BRDA:56,7,0,0
BRDA:56,7,1,0
BRDA:56,8,0,0
BRDA:56,8,1,0
BRDA:83,9,0,0
BRDA:83,9,1,0
BRDA:88,10,0,0
BRDA:88,10,1,0
BRDA:93,11,0,0
BRDA:93,11,1,0
BRDA:98,12,0,0
BRDA:98,12,1,0
BRDA:103,13,0,0
BRDA:103,13,1,0
BRDA:103,14,0,0
BRDA:103,14,1,0
BRDA:112,15,0,0
BRDA:112,15,1,0
BRDA:112,16,0,0
BRDA:112,16,1,0
BRDA:117,17,0,0
BRDA:117,17,1,0
BRDA:117,18,0,0
BRDA:117,18,1,0
BRDA:123,19,0,0
BRDA:123,19,1,0
BRDA:130,20,0,0
BRDA:130,20,1,0
BRDA:141,21,0,0
BRDA:141,21,1,0
BRDA:143,22,0,0
BRDA:143,22,1,0
BRDA:143,23,0,0
BRDA:143,23,1,0
BRDA:197,24,0,0
BRDA:197,24,1,0
BRDA:199,25,0,0
BRDA:199,25,1,0
BRDA:201,26,0,0
BRDA:201,26,1,0
BRDA:204,27,0,0
BRDA:204,27,1,0
BRDA:209,28,0,0
BRDA:209,28,1,0
BRDA:210,29,0,0
BRDA:210,29,1,0
BRDA:211,30,0,0
BRDA:211,30,1,0
BRDA:213,31,0,0
BRDA:213,31,1,0
BRDA:219,32,0,0
BRDA:219,32,1,0
BRDA:252,33,0,0
BRDA:252,33,1,0
BRDA:268,34,0,0
BRDA:268,34,1,0
BRDA:269,35,0,0
BRDA:269,35,1,0
BRDA:270,36,0,0
BRDA:270,36,1,0
BRDA:271,37,0,0
BRDA:271,37,1,0
BRDA:277,38,0,0
BRDA:277,38,1,0
BRDA:283,39,0,0
BRDA:283,39,1,0
BRDA:284,40,0,0
BRDA:284,40,1,0
BRDA:296,41,0,0
BRDA:298,42,0,0
BRDA:299,43,0,0
BRDA:300,44,0,0
BRDA:301,45,0,0
BRDA:302,46,0,0
BRDA:303,47,0,0
BRDA:304,48,0,0
BRDA:305,49,0,0
BRDA:306,50,0,0
BRDA:319,51,0,0
BRDA:319,51,1,0
BRDA:319,52,0,0
BRDA:319,52,1,0
BRDA:319,52,2,0
BRDA:327,53,0,0
BRDA:327,53,1,0
BRDA:341,54,0,0
BRDA:341,54,1,0
BRDA:341,55,0,0
BRDA:341,55,1,0
BRDA:385,56,0,0
BRDA:385,56,1,0
BRDA:389,57,0,0
BRDA:389,57,1,0
BRDA:393,58,0,0
BRDA:393,58,1,0
BRDA:397,59,0,0
BRDA:397,59,1,0
BRDA:401,60,0,0
BRDA:401,60,1,0
BRDA:405,61,0,0
BRDA:405,61,1,0
BRDA:408,62,0,0
BRDA:408,62,1,0
BRDA:413,63,0,0
BRDA:413,63,1,0
BRDA:417,64,0,0
BRDA:417,64,1,0
BRDA:421,65,0,0
BRDA:421,65,1,0
BRDA:425,66,0,0
BRDA:425,66,1,0
BRDA:429,67,0,0
BRDA:429,67,1,0
BRDA:433,68,0,0
BRDA:433,68,1,0
BRDA:437,69,0,0
BRDA:437,69,1,0
BRDA:442,70,0,0
BRDA:442,70,1,0
BRDA:450,71,0,0
BRDA:450,71,1,0
BRDA:456,72,0,0
BRDA:456,72,1,0
BRDA:456,73,0,0
BRDA:456,73,1,0
BRDA:520,74,0,0
BRDA:520,74,1,0
BRDA:533,75,0,0
BRDA:533,75,1,0
BRDA:539,76,0,0
BRDA:539,76,1,0
BRDA:542,77,0,0
BRDA:542,77,1,0
BRDA:543,78,0,0
BRDA:543,78,1,0
BRDA:574,79,0,0
BRDA:574,79,1,0
BRDA:575,80,0,0
BRDA:575,80,1,0
BRDA:642,81,0,0
BRDA:642,81,1,0
BRDA:646,82,0,0
BRDA:646,82,1,0
BRDA:651,83,0,0
BRDA:651,83,1,0
BRDA:661,84,0,0
BRDA:661,84,1,0
BRF:156
BRH:0
end_of_record
TN:
SF:src\models\Order.js
FN:4,(anonymous_0)
FN:14,(anonymous_1)
FN:88,(anonymous_2)
FN:90,(anonymous_3)
FN:97,(anonymous_4)
FN:206,(anonymous_5)
FN:259,(anonymous_6)
FN:273,(anonymous_7)
FN:285,(anonymous_8)
FN:350,(anonymous_9)
FN:393,(anonymous_10)
FN:406,(anonymous_11)
FN:422,(anonymous_12)
FN:519,(anonymous_13)
FN:597,(anonymous_14)
FN:609,(anonymous_15)
FN:630,(anonymous_16)
FN:649,(anonymous_17)
FN:664,(anonymous_18)
FNF:19
FNH:1
FNDA:9,(anonymous_0)
FNDA:0,(anonymous_1)
FNDA:0,(anonymous_2)
FNDA:0,(anonymous_3)
FNDA:0,(anonymous_4)
FNDA:0,(anonymous_5)
FNDA:0,(anonymous_6)
FNDA:0,(anonymous_7)
FNDA:0,(anonymous_8)
FNDA:0,(anonymous_9)
FNDA:0,(anonymous_10)
FNDA:0,(anonymous_11)
FNDA:0,(anonymous_12)
FNDA:0,(anonymous_13)
FNDA:0,(anonymous_14)
FNDA:0,(anonymous_15)
FNDA:0,(anonymous_16)
FNDA:0,(anonymous_17)
FNDA:0,(anonymous_18)
DA:1,2
DA:5,9
DA:6,7
DA:7,7
DA:8,7
DA:9,7
DA:10,7
DA:11,7
DA:24,0
DA:26,0
DA:27,0
DA:29,0
DA:30,0
DA:32,0
DA:33,0
DA:34,0
DA:35,0
DA:38,0
DA:48,0
DA:49,0
DA:50,0
DA:51,0
DA:52,0
DA:55,0
DA:60,0
DA:61,0
DA:62,0
DA:63,0
DA:66,0
DA:81,0
DA:82,0
DA:83,0
DA:84,0
DA:85,0
DA:88,0
DA:89,0
DA:90,0
DA:91,0
DA:92,0
DA:93,0
DA:96,0
DA:97,0
DA:101,0
DA:102,0
DA:103,0
DA:105,0
DA:106,0
DA:109,0
DA:110,0
DA:115,0
DA:160,0
DA:162,0
DA:163,0
DA:164,0
DA:188,0
DA:195,0
DA:197,0
DA:199,0
DA:200,0
DA:202,0
DA:207,0
DA:208,0
DA:210,0
DA:211,0
DA:214,0
DA:256,0
DA:260,0
DA:270,0
DA:274,0
DA:282,0
DA:286,0
DA:287,0
DA:288,0
DA:290,0
DA:291,0
DA:292,0
DA:295,0
DA:296,0
DA:297,0
DA:300,0
DA:301,0
DA:302,0
DA:303,0
DA:306,0
DA:308,0
DA:315,0
DA:316,0
DA:317,0
DA:318,0
DA:320,0
DA:321,0
DA:339,0
DA:351,0
DA:390,0
DA:394,0
DA:403,0
DA:407,0
DA:419,0
DA:423,0
DA:424,0
DA:425,0
DA:428,0
DA:429,0
DA:430,0
DA:431,0
DA:432,0
DA:433,0
DA:434,0
DA:435,0
DA:436,0
DA:439,0
DA:440,0
DA:451,0
DA:452,0
DA:453,0
DA:455,0
DA:461,0
DA:463,0
DA:464,0
DA:466,0
DA:508,0
DA:520,0
DA:521,0
DA:522,0
DA:524,0
DA:525,0
DA:526,0
DA:529,0
DA:530,0
DA:531,0
DA:533,0
DA:535,0
DA:542,0
DA:544,0
DA:545,0
DA:547,0
DA:586,0
DA:598,0
DA:606,0
DA:610,0
DA:612,0
DA:627,0
DA:631,0
DA:633,0
DA:646,0
DA:650,0
DA:661,0
DA:665,0
DA:667,0
DA:678,0
DA:682,2
LF:151
LH:9
BRDA:5,0,0,9
BRDA:5,0,1,1
BRDA:15,1,0,0
BRDA:16,2,0,0
BRDA:21,3,0,0
BRDA:22,4,0,0
BRDA:29,5,0,0
BRDA:29,5,1,0
BRDA:30,6,0,0
BRDA:30,6,1,0
BRDA:32,7,0,0
BRDA:32,7,1,0
BRDA:49,8,0,0
BRDA:49,8,1,0
BRDA:60,9,0,0
BRDA:60,9,1,0
BRDA:82,10,0,0
BRDA:82,10,1,0
BRDA:89,11,0,0
BRDA:89,11,1,0
BRDA:179,12,0,0
BRDA:179,12,1,0
BRDA:179,13,0,0
BRDA:179,13,1,0
BRDA:206,14,0,0
BRDA:206,15,0,0
BRDA:207,16,0,0
BRDA:207,16,1,0
BRDA:208,17,0,0
BRDA:208,17,1,0
BRDA:210,18,0,0
BRDA:210,18,1,0
BRDA:256,19,0,0
BRDA:256,19,1,0
BRDA:270,20,0,0
BRDA:270,20,1,0
BRDA:282,21,0,0
BRDA:282,21,1,0
BRDA:285,22,0,0
BRDA:285,23,0,0
BRDA:290,24,0,0
BRDA:290,24,1,0
BRDA:295,25,0,0
BRDA:295,25,1,0
BRDA:295,26,0,0
BRDA:295,26,1,0
BRDA:300,27,0,0
BRDA:300,27,1,0
BRDA:306,28,0,0
BRDA:306,28,1,0
BRDA:315,29,0,0
BRDA:315,29,1,0
BRDA:316,30,0,0
BRDA:316,30,1,0
BRDA:317,31,0,0
BRDA:317,31,1,0
BRDA:390,32,0,0
BRDA:390,32,1,0
BRDA:403,33,0,0
BRDA:403,33,1,0
BRDA:406,34,0,0
BRDA:419,35,0,0
BRDA:419,35,1,0
BRDA:422,36,0,0
BRDA:422,37,0,0
BRDA:422,38,0,0
BRDA:422,39,0,0
BRDA:422,40,0,0
BRDA:428,41,0,0
BRDA:428,41,1,0
BRDA:431,42,0,0
BRDA:431,42,1,0
BRDA:434,43,0,0
BRDA:434,43,1,0
BRDA:439,44,0,0
BRDA:439,44,1,0
BRDA:451,45,0,0
BRDA:451,45,1,0
BRDA:452,46,0,0
BRDA:452,46,1,0
BRDA:461,47,0,0
BRDA:461,47,1,0
BRDA:519,48,0,0
BRDA:519,49,0,0
BRDA:519,50,0,0
BRDA:519,51,0,0
BRDA:524,52,0,0
BRDA:524,52,1,0
BRDA:524,53,0,0
BRDA:524,53,1,0
BRDA:529,54,0,0
BRDA:529,54,1,0
BRDA:530,55,0,0
BRDA:530,55,1,0
BRDA:542,56,0,0
BRDA:542,56,1,0
BRDA:606,57,0,0
BRDA:606,57,1,0
BRDA:610,58,0,0
BRDA:610,58,1,0
BRDA:631,59,0,0
BRDA:631,59,1,0
BRDA:665,60,0,0
BRDA:665,60,1,0
BRF:104
BRH:2
end_of_record
TN:
SF:src\models\Reservation.js
FN:7,(anonymous_0)
FN:36,(anonymous_1)
FN:42,(anonymous_2)
FN:47,(anonymous_3)
FN:58,(anonymous_4)
FN:68,(anonymous_5)
FN:82,(anonymous_6)
FN:119,(anonymous_7)
FN:136,(anonymous_8)
FNF:9
FNH:0
FNDA:0,(anonymous_0)
FNDA:0,(anonymous_1)
FNDA:0,(anonymous_2)
FNDA:0,(anonymous_3)
FNDA:0,(anonymous_4)
FNDA:0,(anonymous_5)
FNDA:0,(anonymous_6)
FNDA:0,(anonymous_7)
FNDA:0,(anonymous_8)
DA:1,1
DA:2,1
DA:5,1
DA:8,0
DA:36,0
DA:43,0
DA:44,0
DA:48,0
DA:55,0
DA:59,0
DA:65,0
DA:69,0
DA:80,0
DA:83,0
DA:84,0
DA:85,0
DA:87,0
DA:88,0
DA:89,0
DA:92,0
DA:93,0
DA:94,0
DA:97,0
DA:98,0
DA:99,0
DA:102,0
DA:103,0
DA:104,0
DA:105,0
DA:106,0
DA:108,0
DA:117,0
DA:120,0
DA:133,0
DA:134,0
DA:137,0
DA:142,0
DA:143,0
DA:148,1
LF:39
LH:4
BRDA:5,0,0,1
BRDA:5,0,1,1
BRDA:7,1,0,0
BRDA:7,2,0,0
BRDA:44,3,0,0
BRDA:44,3,1,0
BRDA:58,4,0,0
BRDA:58,5,0,0
BRDA:63,6,0,0
BRDA:63,6,1,0
BRDA:63,7,0,0
BRDA:63,7,1,0
BRDA:80,8,0,0
BRDA:80,8,1,0
BRDA:82,9,0,0
BRDA:82,10,0,0
BRDA:82,11,0,0
BRDA:82,12,0,0
BRDA:82,13,0,0
BRDA:82,14,0,0
BRDA:87,15,0,0
BRDA:87,15,1,0
BRDA:92,16,0,0
BRDA:92,16,1,0
BRDA:97,17,0,0
BRDA:97,17,1,0
BRDA:102,18,0,0
BRDA:102,18,1,0
BRDA:134,19,0,0
BRDA:134,19,1,0
BRDA:143,20,0,0
BRDA:143,20,1,0
BRF:32
BRH:2
end_of_record
TN:
SF:src\models\RestaurantInfo.js
FN:16,(anonymous_0)
FN:29,(anonymous_1)
FN:30,(anonymous_2)
FN:38,(anonymous_3)
FN:43,(anonymous_4)
FN:57,(anonymous_5)
FN:66,(anonymous_6)
FNF:7
FNH:0
FNDA:0,(anonymous_0)
FNDA:0,(anonymous_1)
FNDA:0,(anonymous_2)
FNDA:0,(anonymous_3)
FNDA:0,(anonymous_4)
FNDA:0,(anonymous_5)
FNDA:0,(anonymous_6)
DA:1,1
DA:4,1
DA:17,0
DA:26,0
DA:30,0
DA:31,0
DA:32,0
DA:34,0
DA:39,0
DA:41,0
DA:42,0
DA:43,0
DA:45,0
DA:53,0
DA:54,0
DA:58,0
DA:60,0
DA:61,0
DA:64,0
DA:65,0
DA:66,0
DA:68,0
DA:77,0
DA:78,0
DA:82,1
LF:25
LH:3
BRDA:26,0,0,0
BRDA:26,0,1,0
BRDA:31,1,0,0
BRDA:31,1,1,0
BRDA:60,2,0,0
BRDA:60,2,1,0
BRF:6
BRH:0
end_of_record
TN:
SF:src\models\Review.js
FN:4,(anonymous_0)
FN:9,(anonymous_1)
FN:19,(anonymous_2)
FN:39,(anonymous_3)
FN:60,(anonymous_4)
FN:114,(anonymous_5)
FN:139,(anonymous_6)
FN:189,(anonymous_7)
FN:201,(anonymous_8)
FN:303,(anonymous_9)
FN:366,(anonymous_10)
FNF:11
FNH:0
FNDA:0,(anonymous_0)
FNDA:0,(anonymous_1)
FNDA:0,(anonymous_2)
FNDA:0,(anonymous_3)
FNDA:0,(anonymous_4)
FNDA:0,(anonymous_5)
FNDA:0,(anonymous_6)
FNDA:0,(anonymous_7)
FNDA:0,(anonymous_8)
FNDA:0,(anonymous_9)
FNDA:0,(anonymous_10)
DA:1,1
DA:5,0
DA:6,0
DA:10,0
DA:16,0
DA:20,0
DA:29,0
DA:30,0
DA:40,0
DA:42,0
DA:43,0
DA:44,0
DA:51,0
DA:52,0
DA:53,0
DA:55,0
DA:56,0
DA:61,0
DA:62,0
DA:63,0
DA:70,0
DA:71,0
DA:72,0
DA:75,0
DA:76,0
DA:77,0
DA:79,0
DA:80,0
DA:81,0
DA:84,0
DA:85,0
DA:86,0
DA:89,0
DA:90,0
DA:91,0
DA:94,0
DA:96,0
DA:104,0
DA:105,0
DA:106,0
DA:107,0
DA:109,0
DA:110,0
DA:115,0
DA:116,0
DA:117,0
DA:124,0
DA:125,0
DA:126,0
DA:129,0
DA:130,0
DA:131,0
DA:132,0
DA:134,0
DA:135,0
DA:140,0
DA:141,0
DA:142,0
DA:144,0
DA:150,0
DA:152,0
DA:159,0
DA:178,0
DA:190,0
DA:191,0
DA:198,0
DA:202,0
DA:203,0
DA:204,0
DA:206,0
DA:207,0
DA:209,0
DA:210,0
DA:211,0
DA:214,0
DA:215,0
DA:216,0
DA:217,0
DA:220,0
DA:221,0
DA:222,0
DA:230,0
DA:231,0
DA:232,0
DA:238,0
DA:239,0
DA:240,0
DA:246,0
DA:248,0
DA:255,0
DA:256,0
DA:292,0
DA:304,0
DA:305,0
DA:306,0
DA:308,0
DA:309,0
DA:311,0
DA:312,0
DA:313,0
DA:316,0
DA:317,0
DA:318,0
DA:321,0
DA:323,0
DA:336,0
DA:337,0
DA:355,0
DA:367,0
DA:368,0
DA:369,0
DA:378,0
DA:379,0
DA:380,0
DA:383,0
DA:384,0
DA:385,0
DA:386,0
DA:388,0
DA:389,0
DA:394,1
LF:121
LH:2
BRDA:6,0,0,0
BRDA:6,0,1,0
BRDA:16,1,0,0
BRDA:16,1,1,0
BRDA:19,2,0,0
BRDA:48,3,0,0
BRDA:48,3,1,0
BRDA:70,4,0,0
BRDA:70,4,1,0
BRDA:79,5,0,0
BRDA:79,5,1,0
BRDA:84,6,0,0
BRDA:84,6,1,0
BRDA:86,7,0,0
BRDA:86,7,1,0
BRDA:89,8,0,0
BRDA:89,8,1,0
BRDA:124,9,0,0
BRDA:124,9,1,0
BRDA:140,10,0,0
BRDA:140,10,1,0
BRDA:141,11,0,0
BRDA:141,11,1,0
BRDA:150,12,0,0
BRDA:150,12,1,0
BRDA:183,13,0,0
BRDA:183,13,1,0
BRDA:184,14,0,0
BRDA:184,14,1,0
BRDA:184,15,0,0
BRDA:184,15,1,0
BRDA:195,16,0,0
BRDA:195,16,1,0
BRDA:202,17,0,0
BRDA:202,17,1,0
BRDA:203,18,0,0
BRDA:203,18,1,0
BRDA:209,19,0,0
BRDA:209,19,1,0
BRDA:214,20,0,0
BRDA:214,20,1,0
BRDA:216,21,0,0
BRDA:216,21,1,0
BRDA:220,22,0,0
BRDA:220,22,1,0
BRDA:230,23,0,0
BRDA:230,23,1,0
BRDA:238,24,0,0
BRDA:238,24,1,0
BRDA:246,25,0,0
BRDA:246,25,1,0
BRDA:297,26,0,0
BRDA:297,26,1,0
BRDA:298,27,0,0
BRDA:298,27,1,0
BRDA:298,28,0,0
BRDA:298,28,1,0
BRDA:304,29,0,0
BRDA:304,29,1,0
BRDA:305,30,0,0
BRDA:305,30,1,0
BRDA:311,31,0,0
BRDA:311,31,1,0
BRDA:316,32,0,0
BRDA:316,32,1,0
BRDA:321,33,0,0
BRDA:321,33,1,0
BRDA:360,34,0,0
BRDA:360,34,1,0
BRDA:361,35,0,0
BRDA:361,35,1,0
BRDA:361,36,0,0
BRDA:361,36,1,0
BRDA:375,37,0,0
BRDA:375,37,1,0
BRDA:378,38,0,0
BRDA:378,38,1,0
BRF:77
BRH:0
end_of_record
TN:
SF:src\models\User.js
FN:5,(anonymous_0)
FN:12,(anonymous_1)
FN:19,(anonymous_2)
FN:25,(anonymous_3)
FN:33,(anonymous_4)
FN:47,(anonymous_5)
FN:51,(anonymous_6)
FN:59,(anonymous_7)
FN:66,(anonymous_8)
FN:71,(anonymous_9)
FN:78,(anonymous_10)
FN:85,(anonymous_11)
FN:92,(anonymous_12)
FN:98,(anonymous_13)
FN:101,(anonymous_14)
FN:110,(anonymous_15)
FN:126,(anonymous_16)
FN:218,(anonymous_17)
FN:228,(anonymous_18)
FN:240,(anonymous_19)
FN:272,(anonymous_20)
FNF:21
FNH:0
FNDA:0,(anonymous_0)
FNDA:0,(anonymous_1)
FNDA:0,(anonymous_2)
FNDA:0,(anonymous_3)
FNDA:0,(anonymous_4)
FNDA:0,(anonymous_5)
FNDA:0,(anonymous_6)
FNDA:0,(anonymous_7)
FNDA:0,(anonymous_8)
FNDA:0,(anonymous_9)
FNDA:0,(anonymous_10)
FNDA:0,(anonymous_11)
FNDA:0,(anonymous_12)
FNDA:0,(anonymous_13)
FNDA:0,(anonymous_14)
FNDA:0,(anonymous_15)
FNDA:0,(anonymous_16)
FNDA:0,(anonymous_17)
FNDA:0,(anonymous_18)
FNDA:0,(anonymous_19)
FNDA:0,(anonymous_20)
DA:1,1
DA:2,1
DA:6,0
DA:9,0
DA:13,0
DA:16,0
DA:20,0
DA:23,0
DA:26,0
DA:30,0
DA:34,0
DA:35,0
DA:37,0
DA:44,0
DA:48,0
DA:52,0
DA:56,0
DA:60,0
DA:64,0
DA:67,0
DA:72,0
DA:76,0
DA:79,0
DA:83,0
DA:86,0
DA:87,0
DA:93,0
DA:99,0
DA:104,0
DA:111,0
DA:113,0
DA:123,0
DA:134,0
DA:136,0
DA:137,0
DA:139,0
DA:140,0
DA:141,0
DA:142,0
DA:143,0
DA:151,0
DA:152,0
DA:153,0
DA:156,0
DA:157,0
DA:158,0
DA:161,0
DA:162,0
DA:165,0
DA:166,0
DA:169,0
DA:170,0
DA:171,0
DA:172,0
DA:174,0
DA:175,0
DA:205,0
DA:212,0
DA:219,0
DA:225,0
DA:229,0
DA:237,0
DA:241,0
DA:269,0
DA:273,0
DA:274,0
DA:275,0
DA:284,0
DA:287,0
DA:296,0
DA:300,1
LF:71
LH:3
BRDA:41,0,0,0
BRDA:41,0,1,0
BRDA:126,1,0,0
BRDA:128,2,0,0
BRDA:129,3,0,0
BRDA:130,4,0,0
BRDA:131,5,0,0
BRDA:132,6,0,0
BRDA:133,7,0,0
BRDA:139,8,0,0
BRDA:139,8,1,0
BRDA:139,9,0,0
BRDA:139,9,1,0
BRDA:151,10,0,0
BRDA:151,10,1,0
BRDA:156,11,0,0
BRDA:156,11,1,0
BRDA:161,12,0,0
BRDA:161,12,1,0
BRDA:165,13,0,0
BRDA:165,13,1,0
BRDA:169,14,0,0
BRDA:169,14,1,0
BRDA:214,15,0,0
BRDA:214,15,1,0
BRDA:225,16,0,0
BRDA:225,16,1,0
BRDA:272,17,0,0
BRDA:273,18,0,0
BRDA:273,18,1,0
BRF:30
BRH:0
end_of_record
